[2024-08-03T21:57:28.163+0000] {processor.py:161} INFO - Started process (PID=4109) to work on /usr/local/airflow/dags/etl.py
[2024-08-03T21:57:28.165+0000] {processor.py:830} INFO - Processing file /usr/local/airflow/dags/etl.py for tasks to queue
[2024-08-03T21:57:28.169+0000] {logging_mixin.py:188} INFO - [2024-08-03T21:57:28.168+0000] {dagbag.py:545} INFO - Filling up the DagBag from /usr/local/airflow/dags/etl.py
[2024-08-03T21:57:28.198+0000] {logging_mixin.py:188} INFO - [2024-08-03T21:57:28.192+0000] {dagbag.py:355} ERROR - Failed to import: /usr/local/airflow/dags/etl.py
Traceback (most recent call last):
  File "/usr/local/lib/python3.11/site-packages/airflow/models/dagbag.py", line 351, in parse
    loader.exec_module(new_module)
  File "<frozen importlib._bootstrap_external>", line 940, in exec_module
  File "<frozen importlib._bootstrap>", line 241, in _call_with_frames_removed
  File "/usr/local/airflow/dags/etl.py", line 2, in <module>
    from airflow.operators import BashOperator
ImportError: cannot import name 'BashOperator' from 'airflow.operators' (/usr/local/lib/python3.11/site-packages/airflow/operators/__init__.py)
[2024-08-03T21:57:28.202+0000] {processor.py:842} WARNING - No viable dags retrieved from /usr/local/airflow/dags/etl.py
[2024-08-03T21:57:28.245+0000] {processor.py:183} INFO - Processing /usr/local/airflow/dags/etl.py took 0.098 seconds
[2024-08-03T21:57:58.661+0000] {processor.py:161} INFO - Started process (PID=4121) to work on /usr/local/airflow/dags/etl.py
[2024-08-03T21:57:58.662+0000] {processor.py:830} INFO - Processing file /usr/local/airflow/dags/etl.py for tasks to queue
[2024-08-03T21:57:58.664+0000] {logging_mixin.py:188} INFO - [2024-08-03T21:57:58.664+0000] {dagbag.py:545} INFO - Filling up the DagBag from /usr/local/airflow/dags/etl.py
[2024-08-03T21:57:58.674+0000] {logging_mixin.py:188} INFO - [2024-08-03T21:57:58.672+0000] {dagbag.py:355} ERROR - Failed to import: /usr/local/airflow/dags/etl.py
Traceback (most recent call last):
  File "/usr/local/lib/python3.11/site-packages/airflow/models/dagbag.py", line 351, in parse
    loader.exec_module(new_module)
  File "<frozen importlib._bootstrap_external>", line 940, in exec_module
  File "<frozen importlib._bootstrap>", line 241, in _call_with_frames_removed
  File "/usr/local/airflow/dags/etl.py", line 2, in <module>
    from airflow.operators import BashOperator
ImportError: cannot import name 'BashOperator' from 'airflow.operators' (/usr/local/lib/python3.11/site-packages/airflow/operators/__init__.py)
[2024-08-03T21:57:58.675+0000] {processor.py:842} WARNING - No viable dags retrieved from /usr/local/airflow/dags/etl.py
[2024-08-03T21:57:58.694+0000] {processor.py:183} INFO - Processing /usr/local/airflow/dags/etl.py took 0.040 seconds
[2024-08-03T21:58:29.216+0000] {processor.py:161} INFO - Started process (PID=4131) to work on /usr/local/airflow/dags/etl.py
[2024-08-03T21:58:29.224+0000] {processor.py:830} INFO - Processing file /usr/local/airflow/dags/etl.py for tasks to queue
[2024-08-03T21:58:29.254+0000] {logging_mixin.py:188} INFO - [2024-08-03T21:58:29.252+0000] {dagbag.py:545} INFO - Filling up the DagBag from /usr/local/airflow/dags/etl.py
[2024-08-03T21:58:29.316+0000] {logging_mixin.py:188} INFO - [2024-08-03T21:58:29.310+0000] {dagbag.py:355} ERROR - Failed to import: /usr/local/airflow/dags/etl.py
Traceback (most recent call last):
  File "/usr/local/lib/python3.11/site-packages/airflow/models/dagbag.py", line 351, in parse
    loader.exec_module(new_module)
  File "<frozen importlib._bootstrap_external>", line 940, in exec_module
  File "<frozen importlib._bootstrap>", line 241, in _call_with_frames_removed
  File "/usr/local/airflow/dags/etl.py", line 2, in <module>
    from airflow.operators import BashOperator
ImportError: cannot import name 'BashOperator' from 'airflow.operators' (/usr/local/lib/python3.11/site-packages/airflow/operators/__init__.py)
[2024-08-03T21:58:29.318+0000] {processor.py:842} WARNING - No viable dags retrieved from /usr/local/airflow/dags/etl.py
[2024-08-03T21:58:29.582+0000] {processor.py:183} INFO - Processing /usr/local/airflow/dags/etl.py took 0.446 seconds
[2024-08-03T21:59:01.648+0000] {processor.py:161} INFO - Started process (PID=4141) to work on /usr/local/airflow/dags/etl.py
[2024-08-03T21:59:01.720+0000] {processor.py:830} INFO - Processing file /usr/local/airflow/dags/etl.py for tasks to queue
[2024-08-03T21:59:01.798+0000] {logging_mixin.py:188} INFO - [2024-08-03T21:59:01.797+0000] {dagbag.py:545} INFO - Filling up the DagBag from /usr/local/airflow/dags/etl.py
[2024-08-03T21:59:02.141+0000] {logging_mixin.py:188} INFO - [2024-08-03T21:59:02.024+0000] {dagbag.py:355} ERROR - Failed to import: /usr/local/airflow/dags/etl.py
Traceback (most recent call last):
  File "/usr/local/lib/python3.11/site-packages/airflow/models/dagbag.py", line 351, in parse
    loader.exec_module(new_module)
  File "<frozen importlib._bootstrap_external>", line 940, in exec_module
  File "<frozen importlib._bootstrap>", line 241, in _call_with_frames_removed
  File "/usr/local/airflow/dags/etl.py", line 2, in <module>
    from airflow.operators import BashOperator
ImportError: cannot import name 'BashOperator' from 'airflow.operators' (/usr/local/lib/python3.11/site-packages/airflow/operators/__init__.py)
[2024-08-03T21:59:02.302+0000] {processor.py:842} WARNING - No viable dags retrieved from /usr/local/airflow/dags/etl.py
[2024-08-03T21:59:05.036+0000] {processor.py:183} INFO - Processing /usr/local/airflow/dags/etl.py took 4.553 seconds
[2024-08-03T21:59:35.466+0000] {processor.py:161} INFO - Started process (PID=4151) to work on /usr/local/airflow/dags/etl.py
[2024-08-03T21:59:35.471+0000] {processor.py:830} INFO - Processing file /usr/local/airflow/dags/etl.py for tasks to queue
[2024-08-03T21:59:35.476+0000] {logging_mixin.py:188} INFO - [2024-08-03T21:59:35.475+0000] {dagbag.py:545} INFO - Filling up the DagBag from /usr/local/airflow/dags/etl.py
[2024-08-03T21:59:35.493+0000] {logging_mixin.py:188} INFO - [2024-08-03T21:59:35.488+0000] {dagbag.py:355} ERROR - Failed to import: /usr/local/airflow/dags/etl.py
Traceback (most recent call last):
  File "/usr/local/lib/python3.11/site-packages/airflow/models/dagbag.py", line 351, in parse
    loader.exec_module(new_module)
  File "<frozen importlib._bootstrap_external>", line 940, in exec_module
  File "<frozen importlib._bootstrap>", line 241, in _call_with_frames_removed
  File "/usr/local/airflow/dags/etl.py", line 2, in <module>
    from airflow.operators import BashOperator
ImportError: cannot import name 'BashOperator' from 'airflow.operators' (/usr/local/lib/python3.11/site-packages/airflow/operators/__init__.py)
[2024-08-03T21:59:35.494+0000] {processor.py:842} WARNING - No viable dags retrieved from /usr/local/airflow/dags/etl.py
[2024-08-03T21:59:35.552+0000] {processor.py:183} INFO - Processing /usr/local/airflow/dags/etl.py took 0.102 seconds
[2024-08-03T22:00:05.836+0000] {processor.py:161} INFO - Started process (PID=4161) to work on /usr/local/airflow/dags/etl.py
[2024-08-03T22:00:05.846+0000] {processor.py:830} INFO - Processing file /usr/local/airflow/dags/etl.py for tasks to queue
[2024-08-03T22:00:05.849+0000] {logging_mixin.py:188} INFO - [2024-08-03T22:00:05.849+0000] {dagbag.py:545} INFO - Filling up the DagBag from /usr/local/airflow/dags/etl.py
[2024-08-03T22:00:05.872+0000] {logging_mixin.py:188} INFO - [2024-08-03T22:00:05.868+0000] {dagbag.py:355} ERROR - Failed to import: /usr/local/airflow/dags/etl.py
Traceback (most recent call last):
  File "/usr/local/lib/python3.11/site-packages/airflow/models/dagbag.py", line 351, in parse
    loader.exec_module(new_module)
  File "<frozen importlib._bootstrap_external>", line 940, in exec_module
  File "<frozen importlib._bootstrap>", line 241, in _call_with_frames_removed
  File "/usr/local/airflow/dags/etl.py", line 2, in <module>
    from airflow.operators import BashOperator
ImportError: cannot import name 'BashOperator' from 'airflow.operators' (/usr/local/lib/python3.11/site-packages/airflow/operators/__init__.py)
[2024-08-03T22:00:05.874+0000] {processor.py:842} WARNING - No viable dags retrieved from /usr/local/airflow/dags/etl.py
[2024-08-03T22:00:05.983+0000] {processor.py:183} INFO - Processing /usr/local/airflow/dags/etl.py took 0.153 seconds
[2024-08-03T22:00:36.310+0000] {processor.py:161} INFO - Started process (PID=4171) to work on /usr/local/airflow/dags/etl.py
[2024-08-03T22:00:36.328+0000] {processor.py:830} INFO - Processing file /usr/local/airflow/dags/etl.py for tasks to queue
[2024-08-03T22:00:36.335+0000] {logging_mixin.py:188} INFO - [2024-08-03T22:00:36.334+0000] {dagbag.py:545} INFO - Filling up the DagBag from /usr/local/airflow/dags/etl.py
[2024-08-03T22:00:36.363+0000] {logging_mixin.py:188} INFO - [2024-08-03T22:00:36.360+0000] {dagbag.py:355} ERROR - Failed to import: /usr/local/airflow/dags/etl.py
Traceback (most recent call last):
  File "/usr/local/lib/python3.11/site-packages/airflow/models/dagbag.py", line 351, in parse
    loader.exec_module(new_module)
  File "<frozen importlib._bootstrap_external>", line 940, in exec_module
  File "<frozen importlib._bootstrap>", line 241, in _call_with_frames_removed
  File "/usr/local/airflow/dags/etl.py", line 2, in <module>
    from airflow.operators import BashOperator
ImportError: cannot import name 'BashOperator' from 'airflow.operators' (/usr/local/lib/python3.11/site-packages/airflow/operators/__init__.py)
[2024-08-03T22:00:36.364+0000] {processor.py:842} WARNING - No viable dags retrieved from /usr/local/airflow/dags/etl.py
[2024-08-03T22:00:36.481+0000] {processor.py:183} INFO - Processing /usr/local/airflow/dags/etl.py took 0.183 seconds
[2024-08-03T22:01:06.864+0000] {processor.py:161} INFO - Started process (PID=4181) to work on /usr/local/airflow/dags/etl.py
[2024-08-03T22:01:06.895+0000] {processor.py:830} INFO - Processing file /usr/local/airflow/dags/etl.py for tasks to queue
[2024-08-03T22:01:06.898+0000] {logging_mixin.py:188} INFO - [2024-08-03T22:01:06.897+0000] {dagbag.py:545} INFO - Filling up the DagBag from /usr/local/airflow/dags/etl.py
[2024-08-03T22:01:06.915+0000] {logging_mixin.py:188} INFO - [2024-08-03T22:01:06.912+0000] {dagbag.py:355} ERROR - Failed to import: /usr/local/airflow/dags/etl.py
Traceback (most recent call last):
  File "/usr/local/lib/python3.11/site-packages/airflow/models/dagbag.py", line 351, in parse
    loader.exec_module(new_module)
  File "<frozen importlib._bootstrap_external>", line 940, in exec_module
  File "<frozen importlib._bootstrap>", line 241, in _call_with_frames_removed
  File "/usr/local/airflow/dags/etl.py", line 2, in <module>
    from airflow.operators import BashOperator
ImportError: cannot import name 'BashOperator' from 'airflow.operators' (/usr/local/lib/python3.11/site-packages/airflow/operators/__init__.py)
[2024-08-03T22:01:06.916+0000] {processor.py:842} WARNING - No viable dags retrieved from /usr/local/airflow/dags/etl.py
[2024-08-03T22:01:07.086+0000] {processor.py:183} INFO - Processing /usr/local/airflow/dags/etl.py took 0.228 seconds
[2024-08-03T22:01:38.689+0000] {processor.py:161} INFO - Started process (PID=4191) to work on /usr/local/airflow/dags/etl.py
[2024-08-03T22:01:38.729+0000] {processor.py:830} INFO - Processing file /usr/local/airflow/dags/etl.py for tasks to queue
[2024-08-03T22:01:39.448+0000] {logging_mixin.py:188} INFO - [2024-08-03T22:01:39.383+0000] {dagbag.py:545} INFO - Filling up the DagBag from /usr/local/airflow/dags/etl.py
[2024-08-03T22:01:39.776+0000] {logging_mixin.py:188} INFO - [2024-08-03T22:01:39.766+0000] {dagbag.py:355} ERROR - Failed to import: /usr/local/airflow/dags/etl.py
Traceback (most recent call last):
  File "/usr/local/lib/python3.11/site-packages/airflow/models/dagbag.py", line 351, in parse
    loader.exec_module(new_module)
  File "<frozen importlib._bootstrap_external>", line 940, in exec_module
  File "<frozen importlib._bootstrap>", line 241, in _call_with_frames_removed
  File "/usr/local/airflow/dags/etl.py", line 2, in <module>
    from airflow.operators import BashOperator
ImportError: cannot import name 'BashOperator' from 'airflow.operators' (/usr/local/lib/python3.11/site-packages/airflow/operators/__init__.py)
[2024-08-03T22:01:39.787+0000] {processor.py:842} WARNING - No viable dags retrieved from /usr/local/airflow/dags/etl.py
[2024-08-03T22:01:40.298+0000] {processor.py:183} INFO - Processing /usr/local/airflow/dags/etl.py took 2.047 seconds
[2024-08-03T22:02:11.075+0000] {processor.py:161} INFO - Started process (PID=4201) to work on /usr/local/airflow/dags/etl.py
[2024-08-03T22:02:11.077+0000] {processor.py:830} INFO - Processing file /usr/local/airflow/dags/etl.py for tasks to queue
[2024-08-03T22:02:11.085+0000] {logging_mixin.py:188} INFO - [2024-08-03T22:02:11.085+0000] {dagbag.py:545} INFO - Filling up the DagBag from /usr/local/airflow/dags/etl.py
[2024-08-03T22:02:11.105+0000] {logging_mixin.py:188} INFO - [2024-08-03T22:02:11.100+0000] {dagbag.py:355} ERROR - Failed to import: /usr/local/airflow/dags/etl.py
Traceback (most recent call last):
  File "/usr/local/lib/python3.11/site-packages/airflow/models/dagbag.py", line 351, in parse
    loader.exec_module(new_module)
  File "<frozen importlib._bootstrap_external>", line 940, in exec_module
  File "<frozen importlib._bootstrap>", line 241, in _call_with_frames_removed
  File "/usr/local/airflow/dags/etl.py", line 2, in <module>
    from airflow.operators import BashOperator
ImportError: cannot import name 'BashOperator' from 'airflow.operators' (/usr/local/lib/python3.11/site-packages/airflow/operators/__init__.py)
[2024-08-03T22:02:11.108+0000] {processor.py:842} WARNING - No viable dags retrieved from /usr/local/airflow/dags/etl.py
[2024-08-03T22:02:11.154+0000] {processor.py:183} INFO - Processing /usr/local/airflow/dags/etl.py took 0.107 seconds
[2024-08-03T22:02:41.466+0000] {processor.py:161} INFO - Started process (PID=4211) to work on /usr/local/airflow/dags/etl.py
[2024-08-03T22:02:41.469+0000] {processor.py:830} INFO - Processing file /usr/local/airflow/dags/etl.py for tasks to queue
[2024-08-03T22:02:41.474+0000] {logging_mixin.py:188} INFO - [2024-08-03T22:02:41.473+0000] {dagbag.py:545} INFO - Filling up the DagBag from /usr/local/airflow/dags/etl.py
[2024-08-03T22:02:41.487+0000] {logging_mixin.py:188} INFO - [2024-08-03T22:02:41.485+0000] {dagbag.py:355} ERROR - Failed to import: /usr/local/airflow/dags/etl.py
Traceback (most recent call last):
  File "/usr/local/lib/python3.11/site-packages/airflow/models/dagbag.py", line 351, in parse
    loader.exec_module(new_module)
  File "<frozen importlib._bootstrap_external>", line 940, in exec_module
  File "<frozen importlib._bootstrap>", line 241, in _call_with_frames_removed
  File "/usr/local/airflow/dags/etl.py", line 2, in <module>
    from airflow.operators import BashOperator
ImportError: cannot import name 'BashOperator' from 'airflow.operators' (/usr/local/lib/python3.11/site-packages/airflow/operators/__init__.py)
[2024-08-03T22:02:41.488+0000] {processor.py:842} WARNING - No viable dags retrieved from /usr/local/airflow/dags/etl.py
[2024-08-03T22:02:41.524+0000] {processor.py:183} INFO - Processing /usr/local/airflow/dags/etl.py took 0.073 seconds
[2024-08-03T22:03:05.753+0000] {processor.py:161} INFO - Started process (PID=4221) to work on /usr/local/airflow/dags/etl.py
[2024-08-03T22:03:05.754+0000] {processor.py:830} INFO - Processing file /usr/local/airflow/dags/etl.py for tasks to queue
[2024-08-03T22:03:05.757+0000] {logging_mixin.py:188} INFO - [2024-08-03T22:03:05.756+0000] {dagbag.py:545} INFO - Filling up the DagBag from /usr/local/airflow/dags/etl.py
[2024-08-03T22:03:05.807+0000] {logging_mixin.py:188} INFO - [2024-08-03T22:03:05.792+0000] {dagbag.py:452} ERROR - Failed to bag_dag: /usr/local/airflow/dags/etl.py
Traceback (most recent call last):
  File "/usr/local/lib/python3.11/site-packages/airflow/timetables/_cron.py", line 100, in validate
    croniter(self._expression)
  File "/usr/local/lib/python3.11/site-packages/croniter/croniter.py", line 187, in __init__
    self.expanded, self.nth_weekday_of_month = self.expand(expr_format, hash_id=hash_id)
                                               ^^^^^^^^^^^^^^^^^^^^^^^^^^^^^^^^^^^^^^^^^
  File "/usr/local/lib/python3.11/site-packages/croniter/croniter.py", line 821, in expand
    return cls._expand(expr_format, hash_id=hash_id)
           ^^^^^^^^^^^^^^^^^^^^^^^^^^^^^^^^^^^^^^^^^
  File "/usr/local/lib/python3.11/site-packages/croniter/croniter.py", line 659, in _expand
    raise CroniterBadCronError(cls.bad_length)
croniter.croniter.CroniterBadCronError: Exactly 5 or 6 columns has to be specified for iterator expression.

During handling of the above exception, another exception occurred:

Traceback (most recent call last):
  File "/usr/local/lib/python3.11/site-packages/airflow/models/dagbag.py", line 447, in _process_modules
    dag.validate()
  File "/usr/local/lib/python3.11/site-packages/airflow/models/dag.py", line 768, in validate
    self.timetable.validate()
  File "/usr/local/lib/python3.11/site-packages/airflow/timetables/_cron.py", line 102, in validate
    raise AirflowTimetableInvalid(str(e))
airflow.exceptions.AirflowTimetableInvalid: Exactly 5 or 6 columns has to be specified for iterator expression.
[2024-08-03T22:03:05.808+0000] {processor.py:842} WARNING - No viable dags retrieved from /usr/local/airflow/dags/etl.py
[2024-08-03T22:03:05.843+0000] {processor.py:183} INFO - Processing /usr/local/airflow/dags/etl.py took 0.095 seconds
[2024-08-03T22:04:22.815+0000] {processor.py:161} INFO - Started process (PID=169) to work on /usr/local/airflow/dags/etl.py
[2024-08-03T22:04:22.818+0000] {processor.py:830} INFO - Processing file /usr/local/airflow/dags/etl.py for tasks to queue
[2024-08-03T22:04:22.820+0000] {logging_mixin.py:188} INFO - [2024-08-03T22:04:22.820+0000] {dagbag.py:545} INFO - Filling up the DagBag from /usr/local/airflow/dags/etl.py
[2024-08-03T22:04:22.841+0000] {logging_mixin.py:188} INFO - [2024-08-03T22:04:22.836+0000] {dagbag.py:452} ERROR - Failed to bag_dag: /usr/local/airflow/dags/etl.py
Traceback (most recent call last):
  File "/usr/local/lib/python3.11/site-packages/airflow/timetables/_cron.py", line 100, in validate
    croniter(self._expression)
  File "/usr/local/lib/python3.11/site-packages/croniter/croniter.py", line 187, in __init__
    self.expanded, self.nth_weekday_of_month = self.expand(expr_format, hash_id=hash_id)
                                               ^^^^^^^^^^^^^^^^^^^^^^^^^^^^^^^^^^^^^^^^^
  File "/usr/local/lib/python3.11/site-packages/croniter/croniter.py", line 821, in expand
    return cls._expand(expr_format, hash_id=hash_id)
           ^^^^^^^^^^^^^^^^^^^^^^^^^^^^^^^^^^^^^^^^^
  File "/usr/local/lib/python3.11/site-packages/croniter/croniter.py", line 659, in _expand
    raise CroniterBadCronError(cls.bad_length)
croniter.croniter.CroniterBadCronError: Exactly 5 or 6 columns has to be specified for iterator expression.

During handling of the above exception, another exception occurred:

Traceback (most recent call last):
  File "/usr/local/lib/python3.11/site-packages/airflow/models/dagbag.py", line 447, in _process_modules
    dag.validate()
  File "/usr/local/lib/python3.11/site-packages/airflow/models/dag.py", line 768, in validate
    self.timetable.validate()
  File "/usr/local/lib/python3.11/site-packages/airflow/timetables/_cron.py", line 102, in validate
    raise AirflowTimetableInvalid(str(e))
airflow.exceptions.AirflowTimetableInvalid: Exactly 5 or 6 columns has to be specified for iterator expression.
[2024-08-03T22:04:22.842+0000] {processor.py:842} WARNING - No viable dags retrieved from /usr/local/airflow/dags/etl.py
[2024-08-03T22:04:22.886+0000] {processor.py:183} INFO - Processing /usr/local/airflow/dags/etl.py took 0.084 seconds
[2024-08-03T22:04:54.469+0000] {processor.py:161} INFO - Started process (PID=179) to work on /usr/local/airflow/dags/etl.py
[2024-08-03T22:04:54.472+0000] {processor.py:830} INFO - Processing file /usr/local/airflow/dags/etl.py for tasks to queue
[2024-08-03T22:04:54.488+0000] {logging_mixin.py:188} INFO - [2024-08-03T22:04:54.485+0000] {dagbag.py:545} INFO - Filling up the DagBag from /usr/local/airflow/dags/etl.py
[2024-08-03T22:04:54.671+0000] {logging_mixin.py:188} INFO - [2024-08-03T22:04:54.583+0000] {dagbag.py:452} ERROR - Failed to bag_dag: /usr/local/airflow/dags/etl.py
Traceback (most recent call last):
  File "/usr/local/lib/python3.11/site-packages/airflow/timetables/_cron.py", line 100, in validate
    croniter(self._expression)
  File "/usr/local/lib/python3.11/site-packages/croniter/croniter.py", line 187, in __init__
    self.expanded, self.nth_weekday_of_month = self.expand(expr_format, hash_id=hash_id)
                                               ^^^^^^^^^^^^^^^^^^^^^^^^^^^^^^^^^^^^^^^^^
  File "/usr/local/lib/python3.11/site-packages/croniter/croniter.py", line 821, in expand
    return cls._expand(expr_format, hash_id=hash_id)
           ^^^^^^^^^^^^^^^^^^^^^^^^^^^^^^^^^^^^^^^^^
  File "/usr/local/lib/python3.11/site-packages/croniter/croniter.py", line 659, in _expand
    raise CroniterBadCronError(cls.bad_length)
croniter.croniter.CroniterBadCronError: Exactly 5 or 6 columns has to be specified for iterator expression.

During handling of the above exception, another exception occurred:

Traceback (most recent call last):
  File "/usr/local/lib/python3.11/site-packages/airflow/models/dagbag.py", line 447, in _process_modules
    dag.validate()
  File "/usr/local/lib/python3.11/site-packages/airflow/models/dag.py", line 768, in validate
    self.timetable.validate()
  File "/usr/local/lib/python3.11/site-packages/airflow/timetables/_cron.py", line 102, in validate
    raise AirflowTimetableInvalid(str(e))
airflow.exceptions.AirflowTimetableInvalid: Exactly 5 or 6 columns has to be specified for iterator expression.
[2024-08-03T22:04:54.827+0000] {processor.py:842} WARNING - No viable dags retrieved from /usr/local/airflow/dags/etl.py
[2024-08-03T22:04:54.942+0000] {processor.py:183} INFO - Processing /usr/local/airflow/dags/etl.py took 0.543 seconds
[2024-08-03T22:05:25.403+0000] {processor.py:161} INFO - Started process (PID=189) to work on /usr/local/airflow/dags/etl.py
[2024-08-03T22:05:25.479+0000] {processor.py:830} INFO - Processing file /usr/local/airflow/dags/etl.py for tasks to queue
[2024-08-03T22:05:25.484+0000] {logging_mixin.py:188} INFO - [2024-08-03T22:05:25.484+0000] {dagbag.py:545} INFO - Filling up the DagBag from /usr/local/airflow/dags/etl.py
[2024-08-03T22:05:25.641+0000] {logging_mixin.py:188} INFO - [2024-08-03T22:05:25.624+0000] {dagbag.py:452} ERROR - Failed to bag_dag: /usr/local/airflow/dags/etl.py
Traceback (most recent call last):
  File "/usr/local/lib/python3.11/site-packages/airflow/timetables/_cron.py", line 100, in validate
    croniter(self._expression)
  File "/usr/local/lib/python3.11/site-packages/croniter/croniter.py", line 187, in __init__
    self.expanded, self.nth_weekday_of_month = self.expand(expr_format, hash_id=hash_id)
                                               ^^^^^^^^^^^^^^^^^^^^^^^^^^^^^^^^^^^^^^^^^
  File "/usr/local/lib/python3.11/site-packages/croniter/croniter.py", line 821, in expand
    return cls._expand(expr_format, hash_id=hash_id)
           ^^^^^^^^^^^^^^^^^^^^^^^^^^^^^^^^^^^^^^^^^
  File "/usr/local/lib/python3.11/site-packages/croniter/croniter.py", line 659, in _expand
    raise CroniterBadCronError(cls.bad_length)
croniter.croniter.CroniterBadCronError: Exactly 5 or 6 columns has to be specified for iterator expression.

During handling of the above exception, another exception occurred:

Traceback (most recent call last):
  File "/usr/local/lib/python3.11/site-packages/airflow/models/dagbag.py", line 447, in _process_modules
    dag.validate()
  File "/usr/local/lib/python3.11/site-packages/airflow/models/dag.py", line 768, in validate
    self.timetable.validate()
  File "/usr/local/lib/python3.11/site-packages/airflow/timetables/_cron.py", line 102, in validate
    raise AirflowTimetableInvalid(str(e))
airflow.exceptions.AirflowTimetableInvalid: Exactly 5 or 6 columns has to be specified for iterator expression.
[2024-08-03T22:05:25.642+0000] {processor.py:842} WARNING - No viable dags retrieved from /usr/local/airflow/dags/etl.py
[2024-08-03T22:05:27.431+0000] {processor.py:183} INFO - Processing /usr/local/airflow/dags/etl.py took 2.022 seconds
[2024-08-03T22:05:57.959+0000] {processor.py:161} INFO - Started process (PID=199) to work on /usr/local/airflow/dags/etl.py
[2024-08-03T22:05:57.974+0000] {processor.py:830} INFO - Processing file /usr/local/airflow/dags/etl.py for tasks to queue
[2024-08-03T22:05:57.991+0000] {logging_mixin.py:188} INFO - [2024-08-03T22:05:57.990+0000] {dagbag.py:545} INFO - Filling up the DagBag from /usr/local/airflow/dags/etl.py
[2024-08-03T22:05:58.108+0000] {logging_mixin.py:188} INFO - [2024-08-03T22:05:58.089+0000] {dagbag.py:452} ERROR - Failed to bag_dag: /usr/local/airflow/dags/etl.py
Traceback (most recent call last):
  File "/usr/local/lib/python3.11/site-packages/airflow/timetables/_cron.py", line 100, in validate
    croniter(self._expression)
  File "/usr/local/lib/python3.11/site-packages/croniter/croniter.py", line 187, in __init__
    self.expanded, self.nth_weekday_of_month = self.expand(expr_format, hash_id=hash_id)
                                               ^^^^^^^^^^^^^^^^^^^^^^^^^^^^^^^^^^^^^^^^^
  File "/usr/local/lib/python3.11/site-packages/croniter/croniter.py", line 821, in expand
    return cls._expand(expr_format, hash_id=hash_id)
           ^^^^^^^^^^^^^^^^^^^^^^^^^^^^^^^^^^^^^^^^^
  File "/usr/local/lib/python3.11/site-packages/croniter/croniter.py", line 659, in _expand
    raise CroniterBadCronError(cls.bad_length)
croniter.croniter.CroniterBadCronError: Exactly 5 or 6 columns has to be specified for iterator expression.

During handling of the above exception, another exception occurred:

Traceback (most recent call last):
  File "/usr/local/lib/python3.11/site-packages/airflow/models/dagbag.py", line 447, in _process_modules
    dag.validate()
  File "/usr/local/lib/python3.11/site-packages/airflow/models/dag.py", line 768, in validate
    self.timetable.validate()
  File "/usr/local/lib/python3.11/site-packages/airflow/timetables/_cron.py", line 102, in validate
    raise AirflowTimetableInvalid(str(e))
airflow.exceptions.AirflowTimetableInvalid: Exactly 5 or 6 columns has to be specified for iterator expression.
[2024-08-03T22:05:58.109+0000] {processor.py:842} WARNING - No viable dags retrieved from /usr/local/airflow/dags/etl.py
[2024-08-03T22:05:58.209+0000] {processor.py:183} INFO - Processing /usr/local/airflow/dags/etl.py took 0.291 seconds
[2024-08-03T22:06:28.676+0000] {processor.py:161} INFO - Started process (PID=209) to work on /usr/local/airflow/dags/etl.py
[2024-08-03T22:06:28.677+0000] {processor.py:830} INFO - Processing file /usr/local/airflow/dags/etl.py for tasks to queue
[2024-08-03T22:06:28.678+0000] {logging_mixin.py:188} INFO - [2024-08-03T22:06:28.678+0000] {dagbag.py:545} INFO - Filling up the DagBag from /usr/local/airflow/dags/etl.py
[2024-08-03T22:06:28.747+0000] {logging_mixin.py:188} INFO - [2024-08-03T22:06:28.698+0000] {dagbag.py:452} ERROR - Failed to bag_dag: /usr/local/airflow/dags/etl.py
Traceback (most recent call last):
  File "/usr/local/lib/python3.11/site-packages/airflow/timetables/_cron.py", line 100, in validate
    croniter(self._expression)
  File "/usr/local/lib/python3.11/site-packages/croniter/croniter.py", line 187, in __init__
    self.expanded, self.nth_weekday_of_month = self.expand(expr_format, hash_id=hash_id)
                                               ^^^^^^^^^^^^^^^^^^^^^^^^^^^^^^^^^^^^^^^^^
  File "/usr/local/lib/python3.11/site-packages/croniter/croniter.py", line 821, in expand
    return cls._expand(expr_format, hash_id=hash_id)
           ^^^^^^^^^^^^^^^^^^^^^^^^^^^^^^^^^^^^^^^^^
  File "/usr/local/lib/python3.11/site-packages/croniter/croniter.py", line 659, in _expand
    raise CroniterBadCronError(cls.bad_length)
croniter.croniter.CroniterBadCronError: Exactly 5 or 6 columns has to be specified for iterator expression.

During handling of the above exception, another exception occurred:

Traceback (most recent call last):
  File "/usr/local/lib/python3.11/site-packages/airflow/models/dagbag.py", line 447, in _process_modules
    dag.validate()
  File "/usr/local/lib/python3.11/site-packages/airflow/models/dag.py", line 768, in validate
    self.timetable.validate()
  File "/usr/local/lib/python3.11/site-packages/airflow/timetables/_cron.py", line 102, in validate
    raise AirflowTimetableInvalid(str(e))
airflow.exceptions.AirflowTimetableInvalid: Exactly 5 or 6 columns has to be specified for iterator expression.
[2024-08-03T22:06:28.747+0000] {processor.py:842} WARNING - No viable dags retrieved from /usr/local/airflow/dags/etl.py
[2024-08-03T22:06:28.796+0000] {processor.py:183} INFO - Processing /usr/local/airflow/dags/etl.py took 0.125 seconds
[2024-08-03T22:06:59.029+0000] {processor.py:161} INFO - Started process (PID=219) to work on /usr/local/airflow/dags/etl.py
[2024-08-03T22:06:59.030+0000] {processor.py:830} INFO - Processing file /usr/local/airflow/dags/etl.py for tasks to queue
[2024-08-03T22:06:59.033+0000] {logging_mixin.py:188} INFO - [2024-08-03T22:06:59.032+0000] {dagbag.py:545} INFO - Filling up the DagBag from /usr/local/airflow/dags/etl.py
[2024-08-03T22:06:59.072+0000] {logging_mixin.py:188} INFO - [2024-08-03T22:06:59.053+0000] {dagbag.py:452} ERROR - Failed to bag_dag: /usr/local/airflow/dags/etl.py
Traceback (most recent call last):
  File "/usr/local/lib/python3.11/site-packages/airflow/timetables/_cron.py", line 100, in validate
    croniter(self._expression)
  File "/usr/local/lib/python3.11/site-packages/croniter/croniter.py", line 187, in __init__
    self.expanded, self.nth_weekday_of_month = self.expand(expr_format, hash_id=hash_id)
                                               ^^^^^^^^^^^^^^^^^^^^^^^^^^^^^^^^^^^^^^^^^
  File "/usr/local/lib/python3.11/site-packages/croniter/croniter.py", line 821, in expand
    return cls._expand(expr_format, hash_id=hash_id)
           ^^^^^^^^^^^^^^^^^^^^^^^^^^^^^^^^^^^^^^^^^
  File "/usr/local/lib/python3.11/site-packages/croniter/croniter.py", line 659, in _expand
    raise CroniterBadCronError(cls.bad_length)
croniter.croniter.CroniterBadCronError: Exactly 5 or 6 columns has to be specified for iterator expression.

During handling of the above exception, another exception occurred:

Traceback (most recent call last):
  File "/usr/local/lib/python3.11/site-packages/airflow/models/dagbag.py", line 447, in _process_modules
    dag.validate()
  File "/usr/local/lib/python3.11/site-packages/airflow/models/dag.py", line 768, in validate
    self.timetable.validate()
  File "/usr/local/lib/python3.11/site-packages/airflow/timetables/_cron.py", line 102, in validate
    raise AirflowTimetableInvalid(str(e))
airflow.exceptions.AirflowTimetableInvalid: Exactly 5 or 6 columns has to be specified for iterator expression.
[2024-08-03T22:06:59.073+0000] {processor.py:842} WARNING - No viable dags retrieved from /usr/local/airflow/dags/etl.py
[2024-08-03T22:06:59.191+0000] {processor.py:183} INFO - Processing /usr/local/airflow/dags/etl.py took 0.168 seconds
[2024-08-03T22:07:29.451+0000] {processor.py:161} INFO - Started process (PID=229) to work on /usr/local/airflow/dags/etl.py
[2024-08-03T22:07:29.452+0000] {processor.py:830} INFO - Processing file /usr/local/airflow/dags/etl.py for tasks to queue
[2024-08-03T22:07:29.455+0000] {logging_mixin.py:188} INFO - [2024-08-03T22:07:29.455+0000] {dagbag.py:545} INFO - Filling up the DagBag from /usr/local/airflow/dags/etl.py
[2024-08-03T22:07:29.471+0000] {logging_mixin.py:188} INFO - [2024-08-03T22:07:29.469+0000] {dagbag.py:452} ERROR - Failed to bag_dag: /usr/local/airflow/dags/etl.py
Traceback (most recent call last):
  File "/usr/local/lib/python3.11/site-packages/airflow/timetables/_cron.py", line 100, in validate
    croniter(self._expression)
  File "/usr/local/lib/python3.11/site-packages/croniter/croniter.py", line 187, in __init__
    self.expanded, self.nth_weekday_of_month = self.expand(expr_format, hash_id=hash_id)
                                               ^^^^^^^^^^^^^^^^^^^^^^^^^^^^^^^^^^^^^^^^^
  File "/usr/local/lib/python3.11/site-packages/croniter/croniter.py", line 821, in expand
    return cls._expand(expr_format, hash_id=hash_id)
           ^^^^^^^^^^^^^^^^^^^^^^^^^^^^^^^^^^^^^^^^^
  File "/usr/local/lib/python3.11/site-packages/croniter/croniter.py", line 659, in _expand
    raise CroniterBadCronError(cls.bad_length)
croniter.croniter.CroniterBadCronError: Exactly 5 or 6 columns has to be specified for iterator expression.

During handling of the above exception, another exception occurred:

Traceback (most recent call last):
  File "/usr/local/lib/python3.11/site-packages/airflow/models/dagbag.py", line 447, in _process_modules
    dag.validate()
  File "/usr/local/lib/python3.11/site-packages/airflow/models/dag.py", line 768, in validate
    self.timetable.validate()
  File "/usr/local/lib/python3.11/site-packages/airflow/timetables/_cron.py", line 102, in validate
    raise AirflowTimetableInvalid(str(e))
airflow.exceptions.AirflowTimetableInvalid: Exactly 5 or 6 columns has to be specified for iterator expression.
[2024-08-03T22:07:29.472+0000] {processor.py:842} WARNING - No viable dags retrieved from /usr/local/airflow/dags/etl.py
[2024-08-03T22:07:29.491+0000] {processor.py:183} INFO - Processing /usr/local/airflow/dags/etl.py took 0.046 seconds
[2024-08-03T22:07:59.765+0000] {processor.py:161} INFO - Started process (PID=239) to work on /usr/local/airflow/dags/etl.py
[2024-08-03T22:07:59.767+0000] {processor.py:830} INFO - Processing file /usr/local/airflow/dags/etl.py for tasks to queue
[2024-08-03T22:07:59.770+0000] {logging_mixin.py:188} INFO - [2024-08-03T22:07:59.770+0000] {dagbag.py:545} INFO - Filling up the DagBag from /usr/local/airflow/dags/etl.py
[2024-08-03T22:07:59.800+0000] {logging_mixin.py:188} INFO - [2024-08-03T22:07:59.797+0000] {dagbag.py:452} ERROR - Failed to bag_dag: /usr/local/airflow/dags/etl.py
Traceback (most recent call last):
  File "/usr/local/lib/python3.11/site-packages/airflow/timetables/_cron.py", line 100, in validate
    croniter(self._expression)
  File "/usr/local/lib/python3.11/site-packages/croniter/croniter.py", line 187, in __init__
    self.expanded, self.nth_weekday_of_month = self.expand(expr_format, hash_id=hash_id)
                                               ^^^^^^^^^^^^^^^^^^^^^^^^^^^^^^^^^^^^^^^^^
  File "/usr/local/lib/python3.11/site-packages/croniter/croniter.py", line 821, in expand
    return cls._expand(expr_format, hash_id=hash_id)
           ^^^^^^^^^^^^^^^^^^^^^^^^^^^^^^^^^^^^^^^^^
  File "/usr/local/lib/python3.11/site-packages/croniter/croniter.py", line 659, in _expand
    raise CroniterBadCronError(cls.bad_length)
croniter.croniter.CroniterBadCronError: Exactly 5 or 6 columns has to be specified for iterator expression.

During handling of the above exception, another exception occurred:

Traceback (most recent call last):
  File "/usr/local/lib/python3.11/site-packages/airflow/models/dagbag.py", line 447, in _process_modules
    dag.validate()
  File "/usr/local/lib/python3.11/site-packages/airflow/models/dag.py", line 768, in validate
    self.timetable.validate()
  File "/usr/local/lib/python3.11/site-packages/airflow/timetables/_cron.py", line 102, in validate
    raise AirflowTimetableInvalid(str(e))
airflow.exceptions.AirflowTimetableInvalid: Exactly 5 or 6 columns has to be specified for iterator expression.
[2024-08-03T22:07:59.801+0000] {processor.py:842} WARNING - No viable dags retrieved from /usr/local/airflow/dags/etl.py
[2024-08-03T22:07:59.902+0000] {processor.py:183} INFO - Processing /usr/local/airflow/dags/etl.py took 0.155 seconds
[2024-08-03T22:08:30.171+0000] {processor.py:161} INFO - Started process (PID=249) to work on /usr/local/airflow/dags/etl.py
[2024-08-03T22:08:30.172+0000] {processor.py:830} INFO - Processing file /usr/local/airflow/dags/etl.py for tasks to queue
[2024-08-03T22:08:30.174+0000] {logging_mixin.py:188} INFO - [2024-08-03T22:08:30.174+0000] {dagbag.py:545} INFO - Filling up the DagBag from /usr/local/airflow/dags/etl.py
[2024-08-03T22:08:30.188+0000] {logging_mixin.py:188} INFO - [2024-08-03T22:08:30.186+0000] {dagbag.py:452} ERROR - Failed to bag_dag: /usr/local/airflow/dags/etl.py
Traceback (most recent call last):
  File "/usr/local/lib/python3.11/site-packages/airflow/timetables/_cron.py", line 100, in validate
    croniter(self._expression)
  File "/usr/local/lib/python3.11/site-packages/croniter/croniter.py", line 187, in __init__
    self.expanded, self.nth_weekday_of_month = self.expand(expr_format, hash_id=hash_id)
                                               ^^^^^^^^^^^^^^^^^^^^^^^^^^^^^^^^^^^^^^^^^
  File "/usr/local/lib/python3.11/site-packages/croniter/croniter.py", line 821, in expand
    return cls._expand(expr_format, hash_id=hash_id)
           ^^^^^^^^^^^^^^^^^^^^^^^^^^^^^^^^^^^^^^^^^
  File "/usr/local/lib/python3.11/site-packages/croniter/croniter.py", line 659, in _expand
    raise CroniterBadCronError(cls.bad_length)
croniter.croniter.CroniterBadCronError: Exactly 5 or 6 columns has to be specified for iterator expression.

During handling of the above exception, another exception occurred:

Traceback (most recent call last):
  File "/usr/local/lib/python3.11/site-packages/airflow/models/dagbag.py", line 447, in _process_modules
    dag.validate()
  File "/usr/local/lib/python3.11/site-packages/airflow/models/dag.py", line 768, in validate
    self.timetable.validate()
  File "/usr/local/lib/python3.11/site-packages/airflow/timetables/_cron.py", line 102, in validate
    raise AirflowTimetableInvalid(str(e))
airflow.exceptions.AirflowTimetableInvalid: Exactly 5 or 6 columns has to be specified for iterator expression.
[2024-08-03T22:08:30.188+0000] {processor.py:842} WARNING - No viable dags retrieved from /usr/local/airflow/dags/etl.py
[2024-08-03T22:08:30.207+0000] {processor.py:183} INFO - Processing /usr/local/airflow/dags/etl.py took 0.042 seconds
[2024-08-03T22:09:00.477+0000] {processor.py:161} INFO - Started process (PID=259) to work on /usr/local/airflow/dags/etl.py
[2024-08-03T22:09:00.478+0000] {processor.py:830} INFO - Processing file /usr/local/airflow/dags/etl.py for tasks to queue
[2024-08-03T22:09:00.482+0000] {logging_mixin.py:188} INFO - [2024-08-03T22:09:00.482+0000] {dagbag.py:545} INFO - Filling up the DagBag from /usr/local/airflow/dags/etl.py
[2024-08-03T22:09:00.518+0000] {logging_mixin.py:188} INFO - [2024-08-03T22:09:00.512+0000] {dagbag.py:452} ERROR - Failed to bag_dag: /usr/local/airflow/dags/etl.py
Traceback (most recent call last):
  File "/usr/local/lib/python3.11/site-packages/airflow/timetables/_cron.py", line 100, in validate
    croniter(self._expression)
  File "/usr/local/lib/python3.11/site-packages/croniter/croniter.py", line 187, in __init__
    self.expanded, self.nth_weekday_of_month = self.expand(expr_format, hash_id=hash_id)
                                               ^^^^^^^^^^^^^^^^^^^^^^^^^^^^^^^^^^^^^^^^^
  File "/usr/local/lib/python3.11/site-packages/croniter/croniter.py", line 821, in expand
    return cls._expand(expr_format, hash_id=hash_id)
           ^^^^^^^^^^^^^^^^^^^^^^^^^^^^^^^^^^^^^^^^^
  File "/usr/local/lib/python3.11/site-packages/croniter/croniter.py", line 659, in _expand
    raise CroniterBadCronError(cls.bad_length)
croniter.croniter.CroniterBadCronError: Exactly 5 or 6 columns has to be specified for iterator expression.

During handling of the above exception, another exception occurred:

Traceback (most recent call last):
  File "/usr/local/lib/python3.11/site-packages/airflow/models/dagbag.py", line 447, in _process_modules
    dag.validate()
  File "/usr/local/lib/python3.11/site-packages/airflow/models/dag.py", line 768, in validate
    self.timetable.validate()
  File "/usr/local/lib/python3.11/site-packages/airflow/timetables/_cron.py", line 102, in validate
    raise AirflowTimetableInvalid(str(e))
airflow.exceptions.AirflowTimetableInvalid: Exactly 5 or 6 columns has to be specified for iterator expression.
[2024-08-03T22:09:00.519+0000] {processor.py:842} WARNING - No viable dags retrieved from /usr/local/airflow/dags/etl.py
[2024-08-03T22:09:00.557+0000] {processor.py:183} INFO - Processing /usr/local/airflow/dags/etl.py took 0.086 seconds
[2024-08-03T22:09:30.912+0000] {processor.py:161} INFO - Started process (PID=269) to work on /usr/local/airflow/dags/etl.py
[2024-08-03T22:09:30.913+0000] {processor.py:830} INFO - Processing file /usr/local/airflow/dags/etl.py for tasks to queue
[2024-08-03T22:09:30.925+0000] {logging_mixin.py:188} INFO - [2024-08-03T22:09:30.924+0000] {dagbag.py:545} INFO - Filling up the DagBag from /usr/local/airflow/dags/etl.py
[2024-08-03T22:09:30.975+0000] {logging_mixin.py:188} INFO - [2024-08-03T22:09:30.963+0000] {dagbag.py:452} ERROR - Failed to bag_dag: /usr/local/airflow/dags/etl.py
Traceback (most recent call last):
  File "/usr/local/lib/python3.11/site-packages/airflow/timetables/_cron.py", line 100, in validate
    croniter(self._expression)
  File "/usr/local/lib/python3.11/site-packages/croniter/croniter.py", line 187, in __init__
    self.expanded, self.nth_weekday_of_month = self.expand(expr_format, hash_id=hash_id)
                                               ^^^^^^^^^^^^^^^^^^^^^^^^^^^^^^^^^^^^^^^^^
  File "/usr/local/lib/python3.11/site-packages/croniter/croniter.py", line 821, in expand
    return cls._expand(expr_format, hash_id=hash_id)
           ^^^^^^^^^^^^^^^^^^^^^^^^^^^^^^^^^^^^^^^^^
  File "/usr/local/lib/python3.11/site-packages/croniter/croniter.py", line 659, in _expand
    raise CroniterBadCronError(cls.bad_length)
croniter.croniter.CroniterBadCronError: Exactly 5 or 6 columns has to be specified for iterator expression.

During handling of the above exception, another exception occurred:

Traceback (most recent call last):
  File "/usr/local/lib/python3.11/site-packages/airflow/models/dagbag.py", line 447, in _process_modules
    dag.validate()
  File "/usr/local/lib/python3.11/site-packages/airflow/models/dag.py", line 768, in validate
    self.timetable.validate()
  File "/usr/local/lib/python3.11/site-packages/airflow/timetables/_cron.py", line 102, in validate
    raise AirflowTimetableInvalid(str(e))
airflow.exceptions.AirflowTimetableInvalid: Exactly 5 or 6 columns has to be specified for iterator expression.
[2024-08-03T22:09:31.007+0000] {processor.py:842} WARNING - No viable dags retrieved from /usr/local/airflow/dags/etl.py
[2024-08-03T22:09:31.199+0000] {processor.py:183} INFO - Processing /usr/local/airflow/dags/etl.py took 0.299 seconds
[2024-08-03T22:09:54.435+0000] {processor.py:161} INFO - Started process (PID=279) to work on /usr/local/airflow/dags/etl.py
[2024-08-03T22:09:54.436+0000] {processor.py:830} INFO - Processing file /usr/local/airflow/dags/etl.py for tasks to queue
[2024-08-03T22:09:54.438+0000] {logging_mixin.py:188} INFO - [2024-08-03T22:09:54.438+0000] {dagbag.py:545} INFO - Filling up the DagBag from /usr/local/airflow/dags/etl.py
[2024-08-03T22:09:54.462+0000] {processor.py:840} INFO - DAG(s) 'etl_dag' retrieved from /usr/local/airflow/dags/etl.py
[2024-08-03T22:09:54.530+0000] {logging_mixin.py:188} INFO - [2024-08-03T22:09:54.529+0000] {override.py:1858} INFO - Created Permission View: can read on DAG:etl_dag
[2024-08-03T22:09:54.540+0000] {logging_mixin.py:188} INFO - [2024-08-03T22:09:54.539+0000] {override.py:1858} INFO - Created Permission View: can edit on DAG:etl_dag
[2024-08-03T22:09:54.546+0000] {logging_mixin.py:188} INFO - [2024-08-03T22:09:54.546+0000] {override.py:1858} INFO - Created Permission View: can delete on DAG:etl_dag
[2024-08-03T22:09:54.547+0000] {logging_mixin.py:188} INFO - [2024-08-03T22:09:54.546+0000] {dag.py:3089} INFO - Sync 1 DAGs
[2024-08-03T22:09:54.556+0000] {logging_mixin.py:188} INFO - [2024-08-03T22:09:54.556+0000] {dag.py:3111} INFO - Creating ORM DAG for etl_dag
[2024-08-03T22:09:54.567+0000] {logging_mixin.py:188} INFO - [2024-08-03T22:09:54.567+0000] {dag.py:3947} INFO - Setting next_dagrun for etl_dag to 2024-08-03 00:00:00+00:00, run_after=2024-08-03 12:00:00+00:00
[2024-08-03T22:09:54.586+0000] {processor.py:183} INFO - Processing /usr/local/airflow/dags/etl.py took 0.156 seconds
[2024-08-03T22:11:00.327+0000] {processor.py:161} INFO - Started process (PID=170) to work on /usr/local/airflow/dags/etl.py
[2024-08-03T22:11:00.329+0000] {processor.py:830} INFO - Processing file /usr/local/airflow/dags/etl.py for tasks to queue
[2024-08-03T22:11:00.332+0000] {logging_mixin.py:188} INFO - [2024-08-03T22:11:00.331+0000] {dagbag.py:545} INFO - Filling up the DagBag from /usr/local/airflow/dags/etl.py
[2024-08-03T22:11:00.367+0000] {processor.py:840} INFO - DAG(s) 'etl_dag' retrieved from /usr/local/airflow/dags/etl.py
[2024-08-03T22:11:00.703+0000] {logging_mixin.py:188} INFO - [2024-08-03T22:11:00.703+0000] {dag.py:3089} INFO - Sync 1 DAGs
[2024-08-03T22:11:01.020+0000] {logging_mixin.py:188} INFO - [2024-08-03T22:11:01.020+0000] {dag.py:3947} INFO - Setting next_dagrun for etl_dag to 2024-08-03 00:00:00+00:00, run_after=2024-08-03 12:00:00+00:00
[2024-08-03T22:11:01.061+0000] {processor.py:183} INFO - Processing /usr/local/airflow/dags/etl.py took 0.768 seconds
[2024-08-03T22:11:31.667+0000] {processor.py:161} INFO - Started process (PID=180) to work on /usr/local/airflow/dags/etl.py
[2024-08-03T22:11:31.674+0000] {processor.py:830} INFO - Processing file /usr/local/airflow/dags/etl.py for tasks to queue
[2024-08-03T22:11:31.703+0000] {logging_mixin.py:188} INFO - [2024-08-03T22:11:31.700+0000] {dagbag.py:545} INFO - Filling up the DagBag from /usr/local/airflow/dags/etl.py
[2024-08-03T22:11:31.826+0000] {processor.py:840} INFO - DAG(s) 'etl_dag' retrieved from /usr/local/airflow/dags/etl.py
[2024-08-03T22:11:32.271+0000] {logging_mixin.py:188} INFO - [2024-08-03T22:11:32.271+0000] {dag.py:3089} INFO - Sync 1 DAGs
[2024-08-03T22:11:32.362+0000] {logging_mixin.py:188} INFO - [2024-08-03T22:11:32.362+0000] {dag.py:3947} INFO - Setting next_dagrun for etl_dag to 2024-08-03 00:00:00+00:00, run_after=2024-08-03 12:00:00+00:00
[2024-08-03T22:11:32.421+0000] {processor.py:183} INFO - Processing /usr/local/airflow/dags/etl.py took 0.809 seconds
[2024-08-03T22:12:03.053+0000] {processor.py:161} INFO - Started process (PID=193) to work on /usr/local/airflow/dags/etl.py
[2024-08-03T22:12:03.074+0000] {processor.py:830} INFO - Processing file /usr/local/airflow/dags/etl.py for tasks to queue
[2024-08-03T22:12:03.134+0000] {logging_mixin.py:188} INFO - [2024-08-03T22:12:03.133+0000] {dagbag.py:545} INFO - Filling up the DagBag from /usr/local/airflow/dags/etl.py
[2024-08-03T22:12:03.259+0000] {processor.py:840} INFO - DAG(s) 'etl_dag' retrieved from /usr/local/airflow/dags/etl.py
[2024-08-03T22:12:03.405+0000] {logging_mixin.py:188} INFO - [2024-08-03T22:12:03.404+0000] {dag.py:3089} INFO - Sync 1 DAGs
[2024-08-03T22:12:03.468+0000] {logging_mixin.py:188} INFO - [2024-08-03T22:12:03.468+0000] {dag.py:3947} INFO - Setting next_dagrun for etl_dag to 2024-08-03 12:00:00+00:00, run_after=2024-08-04 00:00:00+00:00
[2024-08-03T22:12:03.626+0000] {processor.py:183} INFO - Processing /usr/local/airflow/dags/etl.py took 0.628 seconds
[2024-08-03T22:12:34.569+0000] {processor.py:161} INFO - Started process (PID=203) to work on /usr/local/airflow/dags/etl.py
[2024-08-03T22:12:34.603+0000] {processor.py:830} INFO - Processing file /usr/local/airflow/dags/etl.py for tasks to queue
[2024-08-03T22:12:34.776+0000] {logging_mixin.py:188} INFO - [2024-08-03T22:12:34.758+0000] {dagbag.py:545} INFO - Filling up the DagBag from /usr/local/airflow/dags/etl.py
[2024-08-03T22:12:35.018+0000] {processor.py:840} INFO - DAG(s) 'etl_dag' retrieved from /usr/local/airflow/dags/etl.py
[2024-08-03T22:12:35.385+0000] {logging_mixin.py:188} INFO - [2024-08-03T22:12:35.385+0000] {dag.py:3089} INFO - Sync 1 DAGs
[2024-08-03T22:12:35.711+0000] {logging_mixin.py:188} INFO - [2024-08-03T22:12:35.710+0000] {dag.py:3947} INFO - Setting next_dagrun for etl_dag to 2024-08-03 12:00:00+00:00, run_after=2024-08-04 00:00:00+00:00
[2024-08-03T22:12:35.844+0000] {processor.py:183} INFO - Processing /usr/local/airflow/dags/etl.py took 1.607 seconds
[2024-08-03T22:13:06.707+0000] {processor.py:161} INFO - Started process (PID=213) to work on /usr/local/airflow/dags/etl.py
[2024-08-03T22:13:06.710+0000] {processor.py:830} INFO - Processing file /usr/local/airflow/dags/etl.py for tasks to queue
[2024-08-03T22:13:06.736+0000] {logging_mixin.py:188} INFO - [2024-08-03T22:13:06.732+0000] {dagbag.py:545} INFO - Filling up the DagBag from /usr/local/airflow/dags/etl.py
[2024-08-03T22:13:06.916+0000] {processor.py:840} INFO - DAG(s) 'etl_dag' retrieved from /usr/local/airflow/dags/etl.py
[2024-08-03T22:13:07.235+0000] {logging_mixin.py:188} INFO - [2024-08-03T22:13:07.235+0000] {dag.py:3089} INFO - Sync 1 DAGs
[2024-08-03T22:13:07.438+0000] {logging_mixin.py:188} INFO - [2024-08-03T22:13:07.437+0000] {dag.py:3947} INFO - Setting next_dagrun for etl_dag to 2024-08-03 12:00:00+00:00, run_after=2024-08-04 00:00:00+00:00
[2024-08-03T22:13:07.537+0000] {processor.py:183} INFO - Processing /usr/local/airflow/dags/etl.py took 0.943 seconds
[2024-08-03T22:13:37.859+0000] {processor.py:161} INFO - Started process (PID=223) to work on /usr/local/airflow/dags/etl.py
[2024-08-03T22:13:37.861+0000] {processor.py:830} INFO - Processing file /usr/local/airflow/dags/etl.py for tasks to queue
[2024-08-03T22:13:37.864+0000] {logging_mixin.py:188} INFO - [2024-08-03T22:13:37.863+0000] {dagbag.py:545} INFO - Filling up the DagBag from /usr/local/airflow/dags/etl.py
[2024-08-03T22:13:37.893+0000] {processor.py:840} INFO - DAG(s) 'etl_dag' retrieved from /usr/local/airflow/dags/etl.py
[2024-08-03T22:13:37.956+0000] {logging_mixin.py:188} INFO - [2024-08-03T22:13:37.955+0000] {dag.py:3089} INFO - Sync 1 DAGs
[2024-08-03T22:13:37.991+0000] {logging_mixin.py:188} INFO - [2024-08-03T22:13:37.991+0000] {dag.py:3947} INFO - Setting next_dagrun for etl_dag to 2024-08-03 12:00:00+00:00, run_after=2024-08-04 00:00:00+00:00
[2024-08-03T22:13:38.023+0000] {processor.py:183} INFO - Processing /usr/local/airflow/dags/etl.py took 0.176 seconds
[2024-08-03T22:14:08.308+0000] {processor.py:161} INFO - Started process (PID=233) to work on /usr/local/airflow/dags/etl.py
[2024-08-03T22:14:08.310+0000] {processor.py:830} INFO - Processing file /usr/local/airflow/dags/etl.py for tasks to queue
[2024-08-03T22:14:08.319+0000] {logging_mixin.py:188} INFO - [2024-08-03T22:14:08.318+0000] {dagbag.py:545} INFO - Filling up the DagBag from /usr/local/airflow/dags/etl.py
[2024-08-03T22:14:08.353+0000] {processor.py:840} INFO - DAG(s) 'etl_dag' retrieved from /usr/local/airflow/dags/etl.py
[2024-08-03T22:14:08.465+0000] {logging_mixin.py:188} INFO - [2024-08-03T22:14:08.465+0000] {dag.py:3089} INFO - Sync 1 DAGs
[2024-08-03T22:14:08.555+0000] {logging_mixin.py:188} INFO - [2024-08-03T22:14:08.554+0000] {dag.py:3947} INFO - Setting next_dagrun for etl_dag to 2024-08-03 12:00:00+00:00, run_after=2024-08-04 00:00:00+00:00
[2024-08-03T22:14:08.604+0000] {processor.py:183} INFO - Processing /usr/local/airflow/dags/etl.py took 0.318 seconds
[2024-08-03T22:14:38.848+0000] {processor.py:161} INFO - Started process (PID=243) to work on /usr/local/airflow/dags/etl.py
[2024-08-03T22:14:38.851+0000] {processor.py:830} INFO - Processing file /usr/local/airflow/dags/etl.py for tasks to queue
[2024-08-03T22:14:38.855+0000] {logging_mixin.py:188} INFO - [2024-08-03T22:14:38.855+0000] {dagbag.py:545} INFO - Filling up the DagBag from /usr/local/airflow/dags/etl.py
[2024-08-03T22:14:38.889+0000] {processor.py:840} INFO - DAG(s) 'etl_dag' retrieved from /usr/local/airflow/dags/etl.py
[2024-08-03T22:14:38.967+0000] {logging_mixin.py:188} INFO - [2024-08-03T22:14:38.967+0000] {dag.py:3089} INFO - Sync 1 DAGs
[2024-08-03T22:14:39.004+0000] {logging_mixin.py:188} INFO - [2024-08-03T22:14:39.003+0000] {dag.py:3947} INFO - Setting next_dagrun for etl_dag to 2024-08-03 12:00:00+00:00, run_after=2024-08-04 00:00:00+00:00
[2024-08-03T22:14:39.032+0000] {processor.py:183} INFO - Processing /usr/local/airflow/dags/etl.py took 0.206 seconds
[2024-08-03T22:15:09.303+0000] {processor.py:161} INFO - Started process (PID=253) to work on /usr/local/airflow/dags/etl.py
[2024-08-03T22:15:09.304+0000] {processor.py:830} INFO - Processing file /usr/local/airflow/dags/etl.py for tasks to queue
[2024-08-03T22:15:09.306+0000] {logging_mixin.py:188} INFO - [2024-08-03T22:15:09.306+0000] {dagbag.py:545} INFO - Filling up the DagBag from /usr/local/airflow/dags/etl.py
[2024-08-03T22:15:09.317+0000] {processor.py:840} INFO - DAG(s) 'etl_dag' retrieved from /usr/local/airflow/dags/etl.py
[2024-08-03T22:15:09.339+0000] {logging_mixin.py:188} INFO - [2024-08-03T22:15:09.338+0000] {dag.py:3089} INFO - Sync 1 DAGs
[2024-08-03T22:15:09.361+0000] {logging_mixin.py:188} INFO - [2024-08-03T22:15:09.361+0000] {dag.py:3947} INFO - Setting next_dagrun for etl_dag to 2024-08-03 12:00:00+00:00, run_after=2024-08-04 00:00:00+00:00
[2024-08-03T22:15:09.385+0000] {processor.py:183} INFO - Processing /usr/local/airflow/dags/etl.py took 0.087 seconds
[2024-08-03T22:15:39.694+0000] {processor.py:161} INFO - Started process (PID=263) to work on /usr/local/airflow/dags/etl.py
[2024-08-03T22:15:39.695+0000] {processor.py:830} INFO - Processing file /usr/local/airflow/dags/etl.py for tasks to queue
[2024-08-03T22:15:39.698+0000] {logging_mixin.py:188} INFO - [2024-08-03T22:15:39.697+0000] {dagbag.py:545} INFO - Filling up the DagBag from /usr/local/airflow/dags/etl.py
[2024-08-03T22:15:39.714+0000] {processor.py:840} INFO - DAG(s) 'etl_dag' retrieved from /usr/local/airflow/dags/etl.py
[2024-08-03T22:15:39.746+0000] {logging_mixin.py:188} INFO - [2024-08-03T22:15:39.746+0000] {dag.py:3089} INFO - Sync 1 DAGs
[2024-08-03T22:15:39.793+0000] {logging_mixin.py:188} INFO - [2024-08-03T22:15:39.793+0000] {dag.py:3947} INFO - Setting next_dagrun for etl_dag to 2024-08-03 12:00:00+00:00, run_after=2024-08-04 00:00:00+00:00
[2024-08-03T22:15:39.861+0000] {processor.py:183} INFO - Processing /usr/local/airflow/dags/etl.py took 0.172 seconds
[2024-08-03T22:16:08.995+0000] {processor.py:161} INFO - Started process (PID=273) to work on /usr/local/airflow/dags/etl.py
[2024-08-03T22:16:08.996+0000] {processor.py:830} INFO - Processing file /usr/local/airflow/dags/etl.py for tasks to queue
[2024-08-03T22:16:08.998+0000] {logging_mixin.py:188} INFO - [2024-08-03T22:16:08.998+0000] {dagbag.py:545} INFO - Filling up the DagBag from /usr/local/airflow/dags/etl.py
[2024-08-03T22:16:09.026+0000] {processor.py:840} INFO - DAG(s) 'etl_dag' retrieved from /usr/local/airflow/dags/etl.py
[2024-08-03T22:16:09.111+0000] {logging_mixin.py:188} INFO - [2024-08-03T22:16:09.111+0000] {dag.py:3089} INFO - Sync 1 DAGs
[2024-08-03T22:16:09.136+0000] {logging_mixin.py:188} INFO - [2024-08-03T22:16:09.136+0000] {dag.py:3947} INFO - Setting next_dagrun for etl_dag to 2024-08-03 12:00:00+00:00, run_after=2024-08-04 00:00:00+00:00
[2024-08-03T22:16:09.159+0000] {processor.py:183} INFO - Processing /usr/local/airflow/dags/etl.py took 0.170 seconds
[2024-08-03T22:16:39.428+0000] {processor.py:161} INFO - Started process (PID=286) to work on /usr/local/airflow/dags/etl.py
[2024-08-03T22:16:39.429+0000] {processor.py:830} INFO - Processing file /usr/local/airflow/dags/etl.py for tasks to queue
[2024-08-03T22:16:39.431+0000] {logging_mixin.py:188} INFO - [2024-08-03T22:16:39.431+0000] {dagbag.py:545} INFO - Filling up the DagBag from /usr/local/airflow/dags/etl.py
[2024-08-03T22:16:39.446+0000] {processor.py:840} INFO - DAG(s) 'etl_dag' retrieved from /usr/local/airflow/dags/etl.py
[2024-08-03T22:16:39.468+0000] {logging_mixin.py:188} INFO - [2024-08-03T22:16:39.467+0000] {dag.py:3089} INFO - Sync 1 DAGs
[2024-08-03T22:16:39.490+0000] {logging_mixin.py:188} INFO - [2024-08-03T22:16:39.489+0000] {dag.py:3947} INFO - Setting next_dagrun for etl_dag to 2024-08-03 12:00:00+00:00, run_after=2024-08-04 00:00:00+00:00
[2024-08-03T22:16:39.508+0000] {processor.py:183} INFO - Processing /usr/local/airflow/dags/etl.py took 0.085 seconds
[2024-08-03T22:17:09.776+0000] {processor.py:161} INFO - Started process (PID=296) to work on /usr/local/airflow/dags/etl.py
[2024-08-03T22:17:09.777+0000] {processor.py:830} INFO - Processing file /usr/local/airflow/dags/etl.py for tasks to queue
[2024-08-03T22:17:09.779+0000] {logging_mixin.py:188} INFO - [2024-08-03T22:17:09.778+0000] {dagbag.py:545} INFO - Filling up the DagBag from /usr/local/airflow/dags/etl.py
[2024-08-03T22:17:09.790+0000] {processor.py:840} INFO - DAG(s) 'etl_dag' retrieved from /usr/local/airflow/dags/etl.py
[2024-08-03T22:17:09.810+0000] {logging_mixin.py:188} INFO - [2024-08-03T22:17:09.810+0000] {dag.py:3089} INFO - Sync 1 DAGs
[2024-08-03T22:17:09.829+0000] {logging_mixin.py:188} INFO - [2024-08-03T22:17:09.829+0000] {dag.py:3947} INFO - Setting next_dagrun for etl_dag to 2024-08-03 12:00:00+00:00, run_after=2024-08-04 00:00:00+00:00
[2024-08-03T22:17:09.849+0000] {processor.py:183} INFO - Processing /usr/local/airflow/dags/etl.py took 0.079 seconds
[2024-08-03T22:17:40.099+0000] {processor.py:161} INFO - Started process (PID=314) to work on /usr/local/airflow/dags/etl.py
[2024-08-03T22:17:40.100+0000] {processor.py:830} INFO - Processing file /usr/local/airflow/dags/etl.py for tasks to queue
[2024-08-03T22:17:40.103+0000] {logging_mixin.py:188} INFO - [2024-08-03T22:17:40.102+0000] {dagbag.py:545} INFO - Filling up the DagBag from /usr/local/airflow/dags/etl.py
[2024-08-03T22:17:40.118+0000] {processor.py:840} INFO - DAG(s) 'etl_dag' retrieved from /usr/local/airflow/dags/etl.py
[2024-08-03T22:17:40.140+0000] {logging_mixin.py:188} INFO - [2024-08-03T22:17:40.140+0000] {dag.py:3089} INFO - Sync 1 DAGs
[2024-08-03T22:17:40.159+0000] {logging_mixin.py:188} INFO - [2024-08-03T22:17:40.159+0000] {dag.py:3947} INFO - Setting next_dagrun for etl_dag to 2024-08-03 12:00:00+00:00, run_after=2024-08-04 00:00:00+00:00
[2024-08-03T22:17:40.177+0000] {processor.py:183} INFO - Processing /usr/local/airflow/dags/etl.py took 0.084 seconds
[2024-08-03T22:18:10.505+0000] {processor.py:161} INFO - Started process (PID=326) to work on /usr/local/airflow/dags/etl.py
[2024-08-03T22:18:10.506+0000] {processor.py:830} INFO - Processing file /usr/local/airflow/dags/etl.py for tasks to queue
[2024-08-03T22:18:10.507+0000] {logging_mixin.py:188} INFO - [2024-08-03T22:18:10.507+0000] {dagbag.py:545} INFO - Filling up the DagBag from /usr/local/airflow/dags/etl.py
[2024-08-03T22:18:10.520+0000] {processor.py:840} INFO - DAG(s) 'etl_dag' retrieved from /usr/local/airflow/dags/etl.py
[2024-08-03T22:18:10.542+0000] {logging_mixin.py:188} INFO - [2024-08-03T22:18:10.542+0000] {dag.py:3089} INFO - Sync 1 DAGs
[2024-08-03T22:18:10.561+0000] {logging_mixin.py:188} INFO - [2024-08-03T22:18:10.561+0000] {dag.py:3947} INFO - Setting next_dagrun for etl_dag to 2024-08-03 12:00:00+00:00, run_after=2024-08-04 00:00:00+00:00
[2024-08-03T22:18:10.580+0000] {processor.py:183} INFO - Processing /usr/local/airflow/dags/etl.py took 0.079 seconds
[2024-08-03T22:18:40.898+0000] {processor.py:161} INFO - Started process (PID=337) to work on /usr/local/airflow/dags/etl.py
[2024-08-03T22:18:40.900+0000] {processor.py:830} INFO - Processing file /usr/local/airflow/dags/etl.py for tasks to queue
[2024-08-03T22:18:40.910+0000] {logging_mixin.py:188} INFO - [2024-08-03T22:18:40.910+0000] {dagbag.py:545} INFO - Filling up the DagBag from /usr/local/airflow/dags/etl.py
[2024-08-03T22:18:40.925+0000] {processor.py:840} INFO - DAG(s) 'etl_dag' retrieved from /usr/local/airflow/dags/etl.py
[2024-08-03T22:18:40.948+0000] {logging_mixin.py:188} INFO - [2024-08-03T22:18:40.947+0000] {dag.py:3089} INFO - Sync 1 DAGs
[2024-08-03T22:18:40.967+0000] {logging_mixin.py:188} INFO - [2024-08-03T22:18:40.967+0000] {dag.py:3947} INFO - Setting next_dagrun for etl_dag to 2024-08-03 12:00:00+00:00, run_after=2024-08-04 00:00:00+00:00
[2024-08-03T22:18:40.994+0000] {processor.py:183} INFO - Processing /usr/local/airflow/dags/etl.py took 0.102 seconds
[2024-08-03T22:19:11.299+0000] {processor.py:161} INFO - Started process (PID=348) to work on /usr/local/airflow/dags/etl.py
[2024-08-03T22:19:11.300+0000] {processor.py:830} INFO - Processing file /usr/local/airflow/dags/etl.py for tasks to queue
[2024-08-03T22:19:11.302+0000] {logging_mixin.py:188} INFO - [2024-08-03T22:19:11.302+0000] {dagbag.py:545} INFO - Filling up the DagBag from /usr/local/airflow/dags/etl.py
[2024-08-03T22:19:11.320+0000] {processor.py:840} INFO - DAG(s) 'etl_dag' retrieved from /usr/local/airflow/dags/etl.py
[2024-08-03T22:19:11.342+0000] {logging_mixin.py:188} INFO - [2024-08-03T22:19:11.342+0000] {dag.py:3089} INFO - Sync 1 DAGs
[2024-08-03T22:19:11.359+0000] {logging_mixin.py:188} INFO - [2024-08-03T22:19:11.358+0000] {dag.py:3947} INFO - Setting next_dagrun for etl_dag to 2024-08-03 12:00:00+00:00, run_after=2024-08-04 00:00:00+00:00
[2024-08-03T22:19:11.377+0000] {processor.py:183} INFO - Processing /usr/local/airflow/dags/etl.py took 0.082 seconds
[2024-08-03T22:19:41.745+0000] {processor.py:161} INFO - Started process (PID=358) to work on /usr/local/airflow/dags/etl.py
[2024-08-03T22:19:41.746+0000] {processor.py:830} INFO - Processing file /usr/local/airflow/dags/etl.py for tasks to queue
[2024-08-03T22:19:41.747+0000] {logging_mixin.py:188} INFO - [2024-08-03T22:19:41.747+0000] {dagbag.py:545} INFO - Filling up the DagBag from /usr/local/airflow/dags/etl.py
[2024-08-03T22:19:41.765+0000] {processor.py:840} INFO - DAG(s) 'etl_dag' retrieved from /usr/local/airflow/dags/etl.py
[2024-08-03T22:19:41.789+0000] {logging_mixin.py:188} INFO - [2024-08-03T22:19:41.789+0000] {dag.py:3089} INFO - Sync 1 DAGs
[2024-08-03T22:19:41.806+0000] {logging_mixin.py:188} INFO - [2024-08-03T22:19:41.806+0000] {dag.py:3947} INFO - Setting next_dagrun for etl_dag to 2024-08-03 12:00:00+00:00, run_after=2024-08-04 00:00:00+00:00
[2024-08-03T22:19:41.825+0000] {processor.py:183} INFO - Processing /usr/local/airflow/dags/etl.py took 0.085 seconds
[2024-08-03T22:20:12.054+0000] {processor.py:161} INFO - Started process (PID=377) to work on /usr/local/airflow/dags/etl.py
[2024-08-03T22:20:12.055+0000] {processor.py:830} INFO - Processing file /usr/local/airflow/dags/etl.py for tasks to queue
[2024-08-03T22:20:12.057+0000] {logging_mixin.py:188} INFO - [2024-08-03T22:20:12.056+0000] {dagbag.py:545} INFO - Filling up the DagBag from /usr/local/airflow/dags/etl.py
[2024-08-03T22:20:12.071+0000] {processor.py:840} INFO - DAG(s) 'etl_dag' retrieved from /usr/local/airflow/dags/etl.py
[2024-08-03T22:20:12.095+0000] {logging_mixin.py:188} INFO - [2024-08-03T22:20:12.095+0000] {dag.py:3089} INFO - Sync 1 DAGs
[2024-08-03T22:20:12.118+0000] {logging_mixin.py:188} INFO - [2024-08-03T22:20:12.118+0000] {dag.py:3947} INFO - Setting next_dagrun for etl_dag to 2024-08-03 12:00:00+00:00, run_after=2024-08-04 00:00:00+00:00
[2024-08-03T22:20:12.137+0000] {processor.py:183} INFO - Processing /usr/local/airflow/dags/etl.py took 0.089 seconds
[2024-08-03T22:20:42.445+0000] {processor.py:161} INFO - Started process (PID=389) to work on /usr/local/airflow/dags/etl.py
[2024-08-03T22:20:42.446+0000] {processor.py:830} INFO - Processing file /usr/local/airflow/dags/etl.py for tasks to queue
[2024-08-03T22:20:42.448+0000] {logging_mixin.py:188} INFO - [2024-08-03T22:20:42.447+0000] {dagbag.py:545} INFO - Filling up the DagBag from /usr/local/airflow/dags/etl.py
[2024-08-03T22:20:42.461+0000] {processor.py:840} INFO - DAG(s) 'etl_dag' retrieved from /usr/local/airflow/dags/etl.py
[2024-08-03T22:20:42.483+0000] {logging_mixin.py:188} INFO - [2024-08-03T22:20:42.483+0000] {dag.py:3089} INFO - Sync 1 DAGs
[2024-08-03T22:20:42.501+0000] {logging_mixin.py:188} INFO - [2024-08-03T22:20:42.501+0000] {dag.py:3947} INFO - Setting next_dagrun for etl_dag to 2024-08-03 12:00:00+00:00, run_after=2024-08-04 00:00:00+00:00
[2024-08-03T22:20:42.521+0000] {processor.py:183} INFO - Processing /usr/local/airflow/dags/etl.py took 0.080 seconds
[2024-08-03T22:21:12.893+0000] {processor.py:161} INFO - Started process (PID=399) to work on /usr/local/airflow/dags/etl.py
[2024-08-03T22:21:12.895+0000] {processor.py:830} INFO - Processing file /usr/local/airflow/dags/etl.py for tasks to queue
[2024-08-03T22:21:12.897+0000] {logging_mixin.py:188} INFO - [2024-08-03T22:21:12.896+0000] {dagbag.py:545} INFO - Filling up the DagBag from /usr/local/airflow/dags/etl.py
[2024-08-03T22:21:12.915+0000] {processor.py:840} INFO - DAG(s) 'etl_dag' retrieved from /usr/local/airflow/dags/etl.py
[2024-08-03T22:21:12.960+0000] {logging_mixin.py:188} INFO - [2024-08-03T22:21:12.960+0000] {dag.py:3089} INFO - Sync 1 DAGs
[2024-08-03T22:21:12.980+0000] {logging_mixin.py:188} INFO - [2024-08-03T22:21:12.980+0000] {dag.py:3947} INFO - Setting next_dagrun for etl_dag to 2024-08-03 12:00:00+00:00, run_after=2024-08-04 00:00:00+00:00
[2024-08-03T22:21:12.999+0000] {processor.py:183} INFO - Processing /usr/local/airflow/dags/etl.py took 0.114 seconds
[2024-08-03T22:21:43.348+0000] {processor.py:161} INFO - Started process (PID=409) to work on /usr/local/airflow/dags/etl.py
[2024-08-03T22:21:43.349+0000] {processor.py:830} INFO - Processing file /usr/local/airflow/dags/etl.py for tasks to queue
[2024-08-03T22:21:43.351+0000] {logging_mixin.py:188} INFO - [2024-08-03T22:21:43.351+0000] {dagbag.py:545} INFO - Filling up the DagBag from /usr/local/airflow/dags/etl.py
[2024-08-03T22:21:43.363+0000] {processor.py:840} INFO - DAG(s) 'etl_dag' retrieved from /usr/local/airflow/dags/etl.py
[2024-08-03T22:21:43.384+0000] {logging_mixin.py:188} INFO - [2024-08-03T22:21:43.384+0000] {dag.py:3089} INFO - Sync 1 DAGs
[2024-08-03T22:21:43.400+0000] {logging_mixin.py:188} INFO - [2024-08-03T22:21:43.400+0000] {dag.py:3947} INFO - Setting next_dagrun for etl_dag to 2024-08-03 12:00:00+00:00, run_after=2024-08-04 00:00:00+00:00
[2024-08-03T22:21:43.420+0000] {processor.py:183} INFO - Processing /usr/local/airflow/dags/etl.py took 0.076 seconds
[2024-08-03T22:22:13.717+0000] {processor.py:161} INFO - Started process (PID=419) to work on /usr/local/airflow/dags/etl.py
[2024-08-03T22:22:13.718+0000] {processor.py:830} INFO - Processing file /usr/local/airflow/dags/etl.py for tasks to queue
[2024-08-03T22:22:13.720+0000] {logging_mixin.py:188} INFO - [2024-08-03T22:22:13.720+0000] {dagbag.py:545} INFO - Filling up the DagBag from /usr/local/airflow/dags/etl.py
[2024-08-03T22:22:13.736+0000] {processor.py:840} INFO - DAG(s) 'etl_dag' retrieved from /usr/local/airflow/dags/etl.py
[2024-08-03T22:22:13.756+0000] {logging_mixin.py:188} INFO - [2024-08-03T22:22:13.756+0000] {dag.py:3089} INFO - Sync 1 DAGs
[2024-08-03T22:22:13.795+0000] {logging_mixin.py:188} INFO - [2024-08-03T22:22:13.795+0000] {dag.py:3947} INFO - Setting next_dagrun for etl_dag to 2024-08-03 12:00:00+00:00, run_after=2024-08-04 00:00:00+00:00
[2024-08-03T22:22:13.844+0000] {processor.py:183} INFO - Processing /usr/local/airflow/dags/etl.py took 0.132 seconds
[2024-08-03T22:22:44.106+0000] {processor.py:161} INFO - Started process (PID=429) to work on /usr/local/airflow/dags/etl.py
[2024-08-03T22:22:44.107+0000] {processor.py:830} INFO - Processing file /usr/local/airflow/dags/etl.py for tasks to queue
[2024-08-03T22:22:44.109+0000] {logging_mixin.py:188} INFO - [2024-08-03T22:22:44.109+0000] {dagbag.py:545} INFO - Filling up the DagBag from /usr/local/airflow/dags/etl.py
[2024-08-03T22:22:44.125+0000] {processor.py:840} INFO - DAG(s) 'etl_dag' retrieved from /usr/local/airflow/dags/etl.py
[2024-08-03T22:22:44.149+0000] {logging_mixin.py:188} INFO - [2024-08-03T22:22:44.148+0000] {dag.py:3089} INFO - Sync 1 DAGs
[2024-08-03T22:22:44.165+0000] {logging_mixin.py:188} INFO - [2024-08-03T22:22:44.165+0000] {dag.py:3947} INFO - Setting next_dagrun for etl_dag to 2024-08-03 12:00:00+00:00, run_after=2024-08-04 00:00:00+00:00
[2024-08-03T22:22:44.183+0000] {processor.py:183} INFO - Processing /usr/local/airflow/dags/etl.py took 0.082 seconds
[2024-08-03T22:22:46.244+0000] {processor.py:161} INFO - Started process (PID=439) to work on /usr/local/airflow/dags/etl.py
[2024-08-03T22:22:46.245+0000] {processor.py:830} INFO - Processing file /usr/local/airflow/dags/etl.py for tasks to queue
[2024-08-03T22:22:46.246+0000] {logging_mixin.py:188} INFO - [2024-08-03T22:22:46.246+0000] {dagbag.py:545} INFO - Filling up the DagBag from /usr/local/airflow/dags/etl.py
[2024-08-03T22:22:46.267+0000] {processor.py:840} INFO - DAG(s) 'etl_dag' retrieved from /usr/local/airflow/dags/etl.py
[2024-08-03T22:22:46.289+0000] {logging_mixin.py:188} INFO - [2024-08-03T22:22:46.289+0000] {dag.py:3089} INFO - Sync 1 DAGs
[2024-08-03T22:22:46.309+0000] {logging_mixin.py:188} INFO - [2024-08-03T22:22:46.308+0000] {dag.py:3947} INFO - Setting next_dagrun for etl_dag to 2024-08-03 12:00:00+00:00, run_after=2024-08-04 00:00:00+00:00
[2024-08-03T22:22:46.330+0000] {processor.py:183} INFO - Processing /usr/local/airflow/dags/etl.py took 0.092 seconds
[2024-08-03T22:24:27.549+0000] {processor.py:161} INFO - Started process (PID=169) to work on /usr/local/airflow/dags/etl.py
[2024-08-03T22:24:27.554+0000] {processor.py:830} INFO - Processing file /usr/local/airflow/dags/etl.py for tasks to queue
[2024-08-03T22:24:27.590+0000] {logging_mixin.py:188} INFO - [2024-08-03T22:24:27.567+0000] {dagbag.py:545} INFO - Filling up the DagBag from /usr/local/airflow/dags/etl.py
[2024-08-03T22:24:27.806+0000] {processor.py:840} INFO - DAG(s) 'etl_dag' retrieved from /usr/local/airflow/dags/etl.py
[2024-08-03T22:24:28.671+0000] {logging_mixin.py:188} INFO - [2024-08-03T22:24:28.670+0000] {dag.py:3089} INFO - Sync 1 DAGs
[2024-08-03T22:24:28.831+0000] {logging_mixin.py:188} INFO - [2024-08-03T22:24:28.831+0000] {dag.py:3947} INFO - Setting next_dagrun for etl_dag to 2024-08-03 12:00:00+00:00, run_after=2024-08-04 00:00:00+00:00
[2024-08-03T22:24:28.940+0000] {processor.py:183} INFO - Processing /usr/local/airflow/dags/etl.py took 1.660 seconds
[2024-08-03T22:24:59.771+0000] {processor.py:161} INFO - Started process (PID=179) to work on /usr/local/airflow/dags/etl.py
[2024-08-03T22:24:59.774+0000] {processor.py:830} INFO - Processing file /usr/local/airflow/dags/etl.py for tasks to queue
[2024-08-03T22:24:59.788+0000] {logging_mixin.py:188} INFO - [2024-08-03T22:24:59.787+0000] {dagbag.py:545} INFO - Filling up the DagBag from /usr/local/airflow/dags/etl.py
[2024-08-03T22:24:59.985+0000] {processor.py:840} INFO - DAG(s) 'etl_dag' retrieved from /usr/local/airflow/dags/etl.py
[2024-08-03T22:25:02.974+0000] {logging_mixin.py:188} INFO - [2024-08-03T22:25:02.974+0000] {dag.py:3089} INFO - Sync 1 DAGs
[2024-08-03T22:25:05.337+0000] {logging_mixin.py:188} INFO - [2024-08-03T22:25:05.337+0000] {dag.py:3947} INFO - Setting next_dagrun for etl_dag to 2024-08-03 12:00:00+00:00, run_after=2024-08-04 00:00:00+00:00
[2024-08-03T22:25:05.581+0000] {processor.py:183} INFO - Processing /usr/local/airflow/dags/etl.py took 5.840 seconds
[2024-08-03T22:25:36.418+0000] {processor.py:161} INFO - Started process (PID=189) to work on /usr/local/airflow/dags/etl.py
[2024-08-03T22:25:36.424+0000] {processor.py:830} INFO - Processing file /usr/local/airflow/dags/etl.py for tasks to queue
[2024-08-03T22:25:36.434+0000] {logging_mixin.py:188} INFO - [2024-08-03T22:25:36.433+0000] {dagbag.py:545} INFO - Filling up the DagBag from /usr/local/airflow/dags/etl.py
[2024-08-03T22:25:36.498+0000] {processor.py:840} INFO - DAG(s) 'etl_dag' retrieved from /usr/local/airflow/dags/etl.py
[2024-08-03T22:25:36.643+0000] {logging_mixin.py:188} INFO - [2024-08-03T22:25:36.643+0000] {dag.py:3089} INFO - Sync 1 DAGs
[2024-08-03T22:25:36.739+0000] {logging_mixin.py:188} INFO - [2024-08-03T22:25:36.738+0000] {dag.py:3947} INFO - Setting next_dagrun for etl_dag to 2024-08-03 12:00:00+00:00, run_after=2024-08-04 00:00:00+00:00
[2024-08-03T22:25:36.816+0000] {processor.py:183} INFO - Processing /usr/local/airflow/dags/etl.py took 0.463 seconds
[2024-08-03T22:26:07.850+0000] {processor.py:161} INFO - Started process (PID=199) to work on /usr/local/airflow/dags/etl.py
[2024-08-03T22:26:07.910+0000] {processor.py:830} INFO - Processing file /usr/local/airflow/dags/etl.py for tasks to queue
[2024-08-03T22:26:08.007+0000] {logging_mixin.py:188} INFO - [2024-08-03T22:26:08.002+0000] {dagbag.py:545} INFO - Filling up the DagBag from /usr/local/airflow/dags/etl.py
[2024-08-03T22:26:08.716+0000] {processor.py:840} INFO - DAG(s) 'etl_dag' retrieved from /usr/local/airflow/dags/etl.py
[2024-08-03T22:26:09.478+0000] {logging_mixin.py:188} INFO - [2024-08-03T22:26:09.478+0000] {dag.py:3089} INFO - Sync 1 DAGs
[2024-08-03T22:26:10.062+0000] {logging_mixin.py:188} INFO - [2024-08-03T22:26:10.060+0000] {dag.py:3947} INFO - Setting next_dagrun for etl_dag to 2024-08-03 12:00:00+00:00, run_after=2024-08-04 00:00:00+00:00
[2024-08-03T22:26:10.418+0000] {processor.py:183} INFO - Processing /usr/local/airflow/dags/etl.py took 2.855 seconds
[2024-08-03T22:26:40.880+0000] {processor.py:161} INFO - Started process (PID=209) to work on /usr/local/airflow/dags/etl.py
[2024-08-03T22:26:40.887+0000] {processor.py:830} INFO - Processing file /usr/local/airflow/dags/etl.py for tasks to queue
[2024-08-03T22:26:40.920+0000] {logging_mixin.py:188} INFO - [2024-08-03T22:26:40.907+0000] {dagbag.py:545} INFO - Filling up the DagBag from /usr/local/airflow/dags/etl.py
[2024-08-03T22:26:41.066+0000] {processor.py:840} INFO - DAG(s) 'etl_dag' retrieved from /usr/local/airflow/dags/etl.py
[2024-08-03T22:26:41.414+0000] {logging_mixin.py:188} INFO - [2024-08-03T22:26:41.414+0000] {dag.py:3089} INFO - Sync 1 DAGs
[2024-08-03T22:26:41.632+0000] {logging_mixin.py:188} INFO - [2024-08-03T22:26:41.631+0000] {dag.py:3947} INFO - Setting next_dagrun for etl_dag to 2024-08-03 12:00:00+00:00, run_after=2024-08-04 00:00:00+00:00
[2024-08-03T22:26:41.793+0000] {processor.py:183} INFO - Processing /usr/local/airflow/dags/etl.py took 0.998 seconds
[2024-08-03T22:27:12.163+0000] {processor.py:161} INFO - Started process (PID=219) to work on /usr/local/airflow/dags/etl.py
[2024-08-03T22:27:12.167+0000] {processor.py:830} INFO - Processing file /usr/local/airflow/dags/etl.py for tasks to queue
[2024-08-03T22:27:12.175+0000] {logging_mixin.py:188} INFO - [2024-08-03T22:27:12.171+0000] {dagbag.py:545} INFO - Filling up the DagBag from /usr/local/airflow/dags/etl.py
[2024-08-03T22:27:12.205+0000] {processor.py:840} INFO - DAG(s) 'etl_dag' retrieved from /usr/local/airflow/dags/etl.py
[2024-08-03T22:27:12.258+0000] {logging_mixin.py:188} INFO - [2024-08-03T22:27:12.258+0000] {dag.py:3089} INFO - Sync 1 DAGs
[2024-08-03T22:27:12.300+0000] {logging_mixin.py:188} INFO - [2024-08-03T22:27:12.300+0000] {dag.py:3947} INFO - Setting next_dagrun for etl_dag to 2024-08-03 12:00:00+00:00, run_after=2024-08-04 00:00:00+00:00
[2024-08-03T22:27:12.378+0000] {processor.py:183} INFO - Processing /usr/local/airflow/dags/etl.py took 0.241 seconds
[2024-08-03T22:27:42.513+0000] {processor.py:161} INFO - Started process (PID=232) to work on /usr/local/airflow/dags/etl.py
[2024-08-03T22:27:42.514+0000] {processor.py:830} INFO - Processing file /usr/local/airflow/dags/etl.py for tasks to queue
[2024-08-03T22:27:42.516+0000] {logging_mixin.py:188} INFO - [2024-08-03T22:27:42.516+0000] {dagbag.py:545} INFO - Filling up the DagBag from /usr/local/airflow/dags/etl.py
[2024-08-03T22:27:42.534+0000] {processor.py:840} INFO - DAG(s) 'etl_dag' retrieved from /usr/local/airflow/dags/etl.py
[2024-08-03T22:27:42.568+0000] {logging_mixin.py:188} INFO - [2024-08-03T22:27:42.568+0000] {dag.py:3089} INFO - Sync 1 DAGs
[2024-08-03T22:27:42.592+0000] {logging_mixin.py:188} INFO - [2024-08-03T22:27:42.591+0000] {dag.py:3947} INFO - Setting next_dagrun for etl_dag to 2024-08-03 12:00:00+00:00, run_after=2024-08-04 00:00:00+00:00
[2024-08-03T22:27:42.630+0000] {processor.py:183} INFO - Processing /usr/local/airflow/dags/etl.py took 0.123 seconds
[2024-08-03T22:28:12.916+0000] {processor.py:161} INFO - Started process (PID=242) to work on /usr/local/airflow/dags/etl.py
[2024-08-03T22:28:12.923+0000] {processor.py:830} INFO - Processing file /usr/local/airflow/dags/etl.py for tasks to queue
[2024-08-03T22:28:12.929+0000] {logging_mixin.py:188} INFO - [2024-08-03T22:28:12.928+0000] {dagbag.py:545} INFO - Filling up the DagBag from /usr/local/airflow/dags/etl.py
[2024-08-03T22:28:12.958+0000] {processor.py:840} INFO - DAG(s) 'etl_dag' retrieved from /usr/local/airflow/dags/etl.py
[2024-08-03T22:28:12.981+0000] {logging_mixin.py:188} INFO - [2024-08-03T22:28:12.981+0000] {dag.py:3089} INFO - Sync 1 DAGs
[2024-08-03T22:28:13.009+0000] {logging_mixin.py:188} INFO - [2024-08-03T22:28:13.009+0000] {dag.py:3947} INFO - Setting next_dagrun for etl_dag to 2024-08-03 12:00:00+00:00, run_after=2024-08-04 00:00:00+00:00
[2024-08-03T22:28:13.029+0000] {processor.py:183} INFO - Processing /usr/local/airflow/dags/etl.py took 0.120 seconds
[2024-08-03T22:28:43.356+0000] {processor.py:161} INFO - Started process (PID=255) to work on /usr/local/airflow/dags/etl.py
[2024-08-03T22:28:43.357+0000] {processor.py:830} INFO - Processing file /usr/local/airflow/dags/etl.py for tasks to queue
[2024-08-03T22:28:43.359+0000] {logging_mixin.py:188} INFO - [2024-08-03T22:28:43.359+0000] {dagbag.py:545} INFO - Filling up the DagBag from /usr/local/airflow/dags/etl.py
[2024-08-03T22:28:43.372+0000] {processor.py:840} INFO - DAG(s) 'etl_dag' retrieved from /usr/local/airflow/dags/etl.py
[2024-08-03T22:28:43.393+0000] {logging_mixin.py:188} INFO - [2024-08-03T22:28:43.393+0000] {dag.py:3089} INFO - Sync 1 DAGs
[2024-08-03T22:28:43.414+0000] {logging_mixin.py:188} INFO - [2024-08-03T22:28:43.414+0000] {dag.py:3947} INFO - Setting next_dagrun for etl_dag to 2024-08-03 12:00:00+00:00, run_after=2024-08-04 00:00:00+00:00
[2024-08-03T22:28:43.434+0000] {processor.py:183} INFO - Processing /usr/local/airflow/dags/etl.py took 0.083 seconds
[2024-08-03T22:29:13.737+0000] {processor.py:161} INFO - Started process (PID=265) to work on /usr/local/airflow/dags/etl.py
[2024-08-03T22:29:13.738+0000] {processor.py:830} INFO - Processing file /usr/local/airflow/dags/etl.py for tasks to queue
[2024-08-03T22:29:13.740+0000] {logging_mixin.py:188} INFO - [2024-08-03T22:29:13.740+0000] {dagbag.py:545} INFO - Filling up the DagBag from /usr/local/airflow/dags/etl.py
[2024-08-03T22:29:13.753+0000] {processor.py:840} INFO - DAG(s) 'etl_dag' retrieved from /usr/local/airflow/dags/etl.py
[2024-08-03T22:29:13.795+0000] {logging_mixin.py:188} INFO - [2024-08-03T22:29:13.794+0000] {dag.py:3089} INFO - Sync 1 DAGs
[2024-08-03T22:29:13.864+0000] {logging_mixin.py:188} INFO - [2024-08-03T22:29:13.864+0000] {dag.py:3947} INFO - Setting next_dagrun for etl_dag to 2024-08-03 12:00:00+00:00, run_after=2024-08-04 00:00:00+00:00
[2024-08-03T22:29:13.903+0000] {processor.py:183} INFO - Processing /usr/local/airflow/dags/etl.py took 0.171 seconds
[2024-08-03T22:29:44.211+0000] {processor.py:161} INFO - Started process (PID=275) to work on /usr/local/airflow/dags/etl.py
[2024-08-03T22:29:44.212+0000] {processor.py:830} INFO - Processing file /usr/local/airflow/dags/etl.py for tasks to queue
[2024-08-03T22:29:44.214+0000] {logging_mixin.py:188} INFO - [2024-08-03T22:29:44.213+0000] {dagbag.py:545} INFO - Filling up the DagBag from /usr/local/airflow/dags/etl.py
[2024-08-03T22:29:44.226+0000] {processor.py:840} INFO - DAG(s) 'etl_dag' retrieved from /usr/local/airflow/dags/etl.py
[2024-08-03T22:29:44.250+0000] {logging_mixin.py:188} INFO - [2024-08-03T22:29:44.250+0000] {dag.py:3089} INFO - Sync 1 DAGs
[2024-08-03T22:29:44.269+0000] {logging_mixin.py:188} INFO - [2024-08-03T22:29:44.269+0000] {dag.py:3947} INFO - Setting next_dagrun for etl_dag to 2024-08-03 12:00:00+00:00, run_after=2024-08-04 00:00:00+00:00
[2024-08-03T22:29:44.290+0000] {processor.py:183} INFO - Processing /usr/local/airflow/dags/etl.py took 0.084 seconds
[2024-08-03T22:30:14.703+0000] {processor.py:161} INFO - Started process (PID=285) to work on /usr/local/airflow/dags/etl.py
[2024-08-03T22:30:14.704+0000] {processor.py:830} INFO - Processing file /usr/local/airflow/dags/etl.py for tasks to queue
[2024-08-03T22:30:14.706+0000] {logging_mixin.py:188} INFO - [2024-08-03T22:30:14.705+0000] {dagbag.py:545} INFO - Filling up the DagBag from /usr/local/airflow/dags/etl.py
[2024-08-03T22:30:14.722+0000] {processor.py:840} INFO - DAG(s) 'etl_dag' retrieved from /usr/local/airflow/dags/etl.py
[2024-08-03T22:30:14.745+0000] {logging_mixin.py:188} INFO - [2024-08-03T22:30:14.744+0000] {dag.py:3089} INFO - Sync 1 DAGs
[2024-08-03T22:30:14.795+0000] {logging_mixin.py:188} INFO - [2024-08-03T22:30:14.795+0000] {dag.py:3947} INFO - Setting next_dagrun for etl_dag to 2024-08-03 12:00:00+00:00, run_after=2024-08-04 00:00:00+00:00
[2024-08-03T22:30:14.833+0000] {processor.py:183} INFO - Processing /usr/local/airflow/dags/etl.py took 0.136 seconds
[2024-08-03T22:30:45.142+0000] {processor.py:161} INFO - Started process (PID=295) to work on /usr/local/airflow/dags/etl.py
[2024-08-03T22:30:45.143+0000] {processor.py:830} INFO - Processing file /usr/local/airflow/dags/etl.py for tasks to queue
[2024-08-03T22:30:45.145+0000] {logging_mixin.py:188} INFO - [2024-08-03T22:30:45.145+0000] {dagbag.py:545} INFO - Filling up the DagBag from /usr/local/airflow/dags/etl.py
[2024-08-03T22:30:45.161+0000] {processor.py:840} INFO - DAG(s) 'etl_dag' retrieved from /usr/local/airflow/dags/etl.py
[2024-08-03T22:30:45.184+0000] {logging_mixin.py:188} INFO - [2024-08-03T22:30:45.184+0000] {dag.py:3089} INFO - Sync 1 DAGs
[2024-08-03T22:30:45.203+0000] {logging_mixin.py:188} INFO - [2024-08-03T22:30:45.203+0000] {dag.py:3947} INFO - Setting next_dagrun for etl_dag to 2024-08-03 12:00:00+00:00, run_after=2024-08-04 00:00:00+00:00
[2024-08-03T22:30:45.224+0000] {processor.py:183} INFO - Processing /usr/local/airflow/dags/etl.py took 0.089 seconds
[2024-08-03T22:31:15.614+0000] {processor.py:161} INFO - Started process (PID=305) to work on /usr/local/airflow/dags/etl.py
[2024-08-03T22:31:15.615+0000] {processor.py:830} INFO - Processing file /usr/local/airflow/dags/etl.py for tasks to queue
[2024-08-03T22:31:15.617+0000] {logging_mixin.py:188} INFO - [2024-08-03T22:31:15.617+0000] {dagbag.py:545} INFO - Filling up the DagBag from /usr/local/airflow/dags/etl.py
[2024-08-03T22:31:15.628+0000] {processor.py:840} INFO - DAG(s) 'etl_dag' retrieved from /usr/local/airflow/dags/etl.py
[2024-08-03T22:31:15.649+0000] {logging_mixin.py:188} INFO - [2024-08-03T22:31:15.649+0000] {dag.py:3089} INFO - Sync 1 DAGs
[2024-08-03T22:31:15.670+0000] {logging_mixin.py:188} INFO - [2024-08-03T22:31:15.670+0000] {dag.py:3947} INFO - Setting next_dagrun for etl_dag to 2024-08-03 12:00:00+00:00, run_after=2024-08-04 00:00:00+00:00
[2024-08-03T22:31:15.693+0000] {processor.py:183} INFO - Processing /usr/local/airflow/dags/etl.py took 0.084 seconds
[2024-08-03T22:31:45.988+0000] {processor.py:161} INFO - Started process (PID=315) to work on /usr/local/airflow/dags/etl.py
[2024-08-03T22:31:45.989+0000] {processor.py:830} INFO - Processing file /usr/local/airflow/dags/etl.py for tasks to queue
[2024-08-03T22:31:45.992+0000] {logging_mixin.py:188} INFO - [2024-08-03T22:31:45.991+0000] {dagbag.py:545} INFO - Filling up the DagBag from /usr/local/airflow/dags/etl.py
[2024-08-03T22:31:46.007+0000] {processor.py:840} INFO - DAG(s) 'etl_dag' retrieved from /usr/local/airflow/dags/etl.py
[2024-08-03T22:31:46.040+0000] {logging_mixin.py:188} INFO - [2024-08-03T22:31:46.040+0000] {dag.py:3089} INFO - Sync 1 DAGs
[2024-08-03T22:31:46.064+0000] {logging_mixin.py:188} INFO - [2024-08-03T22:31:46.064+0000] {dag.py:3947} INFO - Setting next_dagrun for etl_dag to 2024-08-03 12:00:00+00:00, run_after=2024-08-04 00:00:00+00:00
[2024-08-03T22:31:46.082+0000] {processor.py:183} INFO - Processing /usr/local/airflow/dags/etl.py took 0.101 seconds
[2024-08-03T22:32:16.442+0000] {processor.py:161} INFO - Started process (PID=325) to work on /usr/local/airflow/dags/etl.py
[2024-08-03T22:32:16.443+0000] {processor.py:830} INFO - Processing file /usr/local/airflow/dags/etl.py for tasks to queue
[2024-08-03T22:32:16.446+0000] {logging_mixin.py:188} INFO - [2024-08-03T22:32:16.445+0000] {dagbag.py:545} INFO - Filling up the DagBag from /usr/local/airflow/dags/etl.py
[2024-08-03T22:32:16.457+0000] {processor.py:840} INFO - DAG(s) 'etl_dag' retrieved from /usr/local/airflow/dags/etl.py
[2024-08-03T22:32:16.478+0000] {logging_mixin.py:188} INFO - [2024-08-03T22:32:16.477+0000] {dag.py:3089} INFO - Sync 1 DAGs
[2024-08-03T22:32:16.495+0000] {logging_mixin.py:188} INFO - [2024-08-03T22:32:16.495+0000] {dag.py:3947} INFO - Setting next_dagrun for etl_dag to 2024-08-03 12:00:00+00:00, run_after=2024-08-04 00:00:00+00:00
[2024-08-03T22:32:16.515+0000] {processor.py:183} INFO - Processing /usr/local/airflow/dags/etl.py took 0.077 seconds
[2024-08-03T22:32:46.896+0000] {processor.py:161} INFO - Started process (PID=335) to work on /usr/local/airflow/dags/etl.py
[2024-08-03T22:32:46.897+0000] {processor.py:830} INFO - Processing file /usr/local/airflow/dags/etl.py for tasks to queue
[2024-08-03T22:32:46.900+0000] {logging_mixin.py:188} INFO - [2024-08-03T22:32:46.899+0000] {dagbag.py:545} INFO - Filling up the DagBag from /usr/local/airflow/dags/etl.py
[2024-08-03T22:32:46.916+0000] {processor.py:840} INFO - DAG(s) 'etl_dag' retrieved from /usr/local/airflow/dags/etl.py
[2024-08-03T22:32:46.952+0000] {logging_mixin.py:188} INFO - [2024-08-03T22:32:46.951+0000] {dag.py:3089} INFO - Sync 1 DAGs
[2024-08-03T22:32:46.972+0000] {logging_mixin.py:188} INFO - [2024-08-03T22:32:46.971+0000] {dag.py:3947} INFO - Setting next_dagrun for etl_dag to 2024-08-03 12:00:00+00:00, run_after=2024-08-04 00:00:00+00:00
[2024-08-03T22:32:46.995+0000] {processor.py:183} INFO - Processing /usr/local/airflow/dags/etl.py took 0.106 seconds
[2024-08-03T22:33:17.316+0000] {processor.py:161} INFO - Started process (PID=345) to work on /usr/local/airflow/dags/etl.py
[2024-08-03T22:33:17.317+0000] {processor.py:830} INFO - Processing file /usr/local/airflow/dags/etl.py for tasks to queue
[2024-08-03T22:33:17.319+0000] {logging_mixin.py:188} INFO - [2024-08-03T22:33:17.319+0000] {dagbag.py:545} INFO - Filling up the DagBag from /usr/local/airflow/dags/etl.py
[2024-08-03T22:33:17.332+0000] {processor.py:840} INFO - DAG(s) 'etl_dag' retrieved from /usr/local/airflow/dags/etl.py
[2024-08-03T22:33:17.354+0000] {logging_mixin.py:188} INFO - [2024-08-03T22:33:17.354+0000] {dag.py:3089} INFO - Sync 1 DAGs
[2024-08-03T22:33:17.373+0000] {logging_mixin.py:188} INFO - [2024-08-03T22:33:17.373+0000] {dag.py:3947} INFO - Setting next_dagrun for etl_dag to 2024-08-03 12:00:00+00:00, run_after=2024-08-04 00:00:00+00:00
[2024-08-03T22:33:17.393+0000] {processor.py:183} INFO - Processing /usr/local/airflow/dags/etl.py took 0.082 seconds
[2024-08-03T22:33:47.782+0000] {processor.py:161} INFO - Started process (PID=355) to work on /usr/local/airflow/dags/etl.py
[2024-08-03T22:33:47.784+0000] {processor.py:830} INFO - Processing file /usr/local/airflow/dags/etl.py for tasks to queue
[2024-08-03T22:33:47.786+0000] {logging_mixin.py:188} INFO - [2024-08-03T22:33:47.786+0000] {dagbag.py:545} INFO - Filling up the DagBag from /usr/local/airflow/dags/etl.py
[2024-08-03T22:33:47.822+0000] {processor.py:840} INFO - DAG(s) 'etl_dag' retrieved from /usr/local/airflow/dags/etl.py
[2024-08-03T22:33:47.890+0000] {logging_mixin.py:188} INFO - [2024-08-03T22:33:47.889+0000] {dag.py:3089} INFO - Sync 1 DAGs
[2024-08-03T22:33:47.933+0000] {logging_mixin.py:188} INFO - [2024-08-03T22:33:47.933+0000] {dag.py:3947} INFO - Setting next_dagrun for etl_dag to 2024-08-03 12:00:00+00:00, run_after=2024-08-04 00:00:00+00:00
[2024-08-03T22:33:47.961+0000] {processor.py:183} INFO - Processing /usr/local/airflow/dags/etl.py took 0.188 seconds
[2024-08-03T22:34:18.085+0000] {processor.py:161} INFO - Started process (PID=365) to work on /usr/local/airflow/dags/etl.py
[2024-08-03T22:34:18.086+0000] {processor.py:830} INFO - Processing file /usr/local/airflow/dags/etl.py for tasks to queue
[2024-08-03T22:34:18.087+0000] {logging_mixin.py:188} INFO - [2024-08-03T22:34:18.087+0000] {dagbag.py:545} INFO - Filling up the DagBag from /usr/local/airflow/dags/etl.py
[2024-08-03T22:34:18.100+0000] {processor.py:840} INFO - DAG(s) 'etl_dag' retrieved from /usr/local/airflow/dags/etl.py
[2024-08-03T22:34:18.121+0000] {logging_mixin.py:188} INFO - [2024-08-03T22:34:18.121+0000] {dag.py:3089} INFO - Sync 1 DAGs
[2024-08-03T22:34:18.138+0000] {logging_mixin.py:188} INFO - [2024-08-03T22:34:18.138+0000] {dag.py:3947} INFO - Setting next_dagrun for etl_dag to 2024-08-03 12:00:00+00:00, run_after=2024-08-04 00:00:00+00:00
[2024-08-03T22:34:18.160+0000] {processor.py:183} INFO - Processing /usr/local/airflow/dags/etl.py took 0.080 seconds
[2024-08-03T22:34:48.456+0000] {processor.py:161} INFO - Started process (PID=375) to work on /usr/local/airflow/dags/etl.py
[2024-08-03T22:34:48.457+0000] {processor.py:830} INFO - Processing file /usr/local/airflow/dags/etl.py for tasks to queue
[2024-08-03T22:34:48.459+0000] {logging_mixin.py:188} INFO - [2024-08-03T22:34:48.459+0000] {dagbag.py:545} INFO - Filling up the DagBag from /usr/local/airflow/dags/etl.py
[2024-08-03T22:34:48.472+0000] {processor.py:840} INFO - DAG(s) 'etl_dag' retrieved from /usr/local/airflow/dags/etl.py
[2024-08-03T22:34:48.495+0000] {logging_mixin.py:188} INFO - [2024-08-03T22:34:48.495+0000] {dag.py:3089} INFO - Sync 1 DAGs
[2024-08-03T22:34:48.515+0000] {logging_mixin.py:188} INFO - [2024-08-03T22:34:48.514+0000] {dag.py:3947} INFO - Setting next_dagrun for etl_dag to 2024-08-03 12:00:00+00:00, run_after=2024-08-04 00:00:00+00:00
[2024-08-03T22:34:48.535+0000] {processor.py:183} INFO - Processing /usr/local/airflow/dags/etl.py took 0.085 seconds
[2024-08-03T22:35:18.801+0000] {processor.py:161} INFO - Started process (PID=385) to work on /usr/local/airflow/dags/etl.py
[2024-08-03T22:35:18.802+0000] {processor.py:830} INFO - Processing file /usr/local/airflow/dags/etl.py for tasks to queue
[2024-08-03T22:35:18.804+0000] {logging_mixin.py:188} INFO - [2024-08-03T22:35:18.804+0000] {dagbag.py:545} INFO - Filling up the DagBag from /usr/local/airflow/dags/etl.py
[2024-08-03T22:35:18.817+0000] {processor.py:840} INFO - DAG(s) 'etl_dag' retrieved from /usr/local/airflow/dags/etl.py
[2024-08-03T22:35:18.838+0000] {logging_mixin.py:188} INFO - [2024-08-03T22:35:18.838+0000] {dag.py:3089} INFO - Sync 1 DAGs
[2024-08-03T22:35:18.855+0000] {logging_mixin.py:188} INFO - [2024-08-03T22:35:18.855+0000] {dag.py:3947} INFO - Setting next_dagrun for etl_dag to 2024-08-03 12:00:00+00:00, run_after=2024-08-04 00:00:00+00:00
[2024-08-03T22:35:18.876+0000] {processor.py:183} INFO - Processing /usr/local/airflow/dags/etl.py took 0.080 seconds
[2024-08-03T22:35:49.126+0000] {processor.py:161} INFO - Started process (PID=395) to work on /usr/local/airflow/dags/etl.py
[2024-08-03T22:35:49.127+0000] {processor.py:830} INFO - Processing file /usr/local/airflow/dags/etl.py for tasks to queue
[2024-08-03T22:35:49.128+0000] {logging_mixin.py:188} INFO - [2024-08-03T22:35:49.128+0000] {dagbag.py:545} INFO - Filling up the DagBag from /usr/local/airflow/dags/etl.py
[2024-08-03T22:35:49.140+0000] {processor.py:840} INFO - DAG(s) 'etl_dag' retrieved from /usr/local/airflow/dags/etl.py
[2024-08-03T22:35:49.161+0000] {logging_mixin.py:188} INFO - [2024-08-03T22:35:49.161+0000] {dag.py:3089} INFO - Sync 1 DAGs
[2024-08-03T22:35:49.178+0000] {logging_mixin.py:188} INFO - [2024-08-03T22:35:49.178+0000] {dag.py:3947} INFO - Setting next_dagrun for etl_dag to 2024-08-03 12:00:00+00:00, run_after=2024-08-04 00:00:00+00:00
[2024-08-03T22:35:49.199+0000] {processor.py:183} INFO - Processing /usr/local/airflow/dags/etl.py took 0.079 seconds
[2024-08-03T22:36:19.499+0000] {processor.py:161} INFO - Started process (PID=405) to work on /usr/local/airflow/dags/etl.py
[2024-08-03T22:36:19.500+0000] {processor.py:830} INFO - Processing file /usr/local/airflow/dags/etl.py for tasks to queue
[2024-08-03T22:36:19.502+0000] {logging_mixin.py:188} INFO - [2024-08-03T22:36:19.501+0000] {dagbag.py:545} INFO - Filling up the DagBag from /usr/local/airflow/dags/etl.py
[2024-08-03T22:36:19.513+0000] {processor.py:840} INFO - DAG(s) 'etl_dag' retrieved from /usr/local/airflow/dags/etl.py
[2024-08-03T22:36:19.535+0000] {logging_mixin.py:188} INFO - [2024-08-03T22:36:19.534+0000] {dag.py:3089} INFO - Sync 1 DAGs
[2024-08-03T22:36:19.555+0000] {logging_mixin.py:188} INFO - [2024-08-03T22:36:19.554+0000] {dag.py:3947} INFO - Setting next_dagrun for etl_dag to 2024-08-03 12:00:00+00:00, run_after=2024-08-04 00:00:00+00:00
[2024-08-03T22:36:19.576+0000] {processor.py:183} INFO - Processing /usr/local/airflow/dags/etl.py took 0.082 seconds
[2024-08-03T22:36:49.853+0000] {processor.py:161} INFO - Started process (PID=415) to work on /usr/local/airflow/dags/etl.py
[2024-08-03T22:36:49.854+0000] {processor.py:830} INFO - Processing file /usr/local/airflow/dags/etl.py for tasks to queue
[2024-08-03T22:36:49.856+0000] {logging_mixin.py:188} INFO - [2024-08-03T22:36:49.856+0000] {dagbag.py:545} INFO - Filling up the DagBag from /usr/local/airflow/dags/etl.py
[2024-08-03T22:36:49.883+0000] {processor.py:840} INFO - DAG(s) 'etl_dag' retrieved from /usr/local/airflow/dags/etl.py
[2024-08-03T22:36:49.912+0000] {logging_mixin.py:188} INFO - [2024-08-03T22:36:49.912+0000] {dag.py:3089} INFO - Sync 1 DAGs
[2024-08-03T22:36:49.940+0000] {logging_mixin.py:188} INFO - [2024-08-03T22:36:49.939+0000] {dag.py:3947} INFO - Setting next_dagrun for etl_dag to 2024-08-03 12:00:00+00:00, run_after=2024-08-04 00:00:00+00:00
[2024-08-03T22:36:49.977+0000] {processor.py:183} INFO - Processing /usr/local/airflow/dags/etl.py took 0.130 seconds
[2024-08-03T22:37:20.276+0000] {processor.py:161} INFO - Started process (PID=425) to work on /usr/local/airflow/dags/etl.py
[2024-08-03T22:37:20.277+0000] {processor.py:830} INFO - Processing file /usr/local/airflow/dags/etl.py for tasks to queue
[2024-08-03T22:37:20.279+0000] {logging_mixin.py:188} INFO - [2024-08-03T22:37:20.279+0000] {dagbag.py:545} INFO - Filling up the DagBag from /usr/local/airflow/dags/etl.py
[2024-08-03T22:37:20.292+0000] {processor.py:840} INFO - DAG(s) 'etl_dag' retrieved from /usr/local/airflow/dags/etl.py
[2024-08-03T22:37:20.315+0000] {logging_mixin.py:188} INFO - [2024-08-03T22:37:20.315+0000] {dag.py:3089} INFO - Sync 1 DAGs
[2024-08-03T22:37:20.338+0000] {logging_mixin.py:188} INFO - [2024-08-03T22:37:20.338+0000] {dag.py:3947} INFO - Setting next_dagrun for etl_dag to 2024-08-03 12:00:00+00:00, run_after=2024-08-04 00:00:00+00:00
[2024-08-03T22:37:20.363+0000] {processor.py:183} INFO - Processing /usr/local/airflow/dags/etl.py took 0.094 seconds
[2024-08-03T22:37:50.662+0000] {processor.py:161} INFO - Started process (PID=435) to work on /usr/local/airflow/dags/etl.py
[2024-08-03T22:37:50.662+0000] {processor.py:830} INFO - Processing file /usr/local/airflow/dags/etl.py for tasks to queue
[2024-08-03T22:37:50.664+0000] {logging_mixin.py:188} INFO - [2024-08-03T22:37:50.664+0000] {dagbag.py:545} INFO - Filling up the DagBag from /usr/local/airflow/dags/etl.py
[2024-08-03T22:37:50.677+0000] {processor.py:840} INFO - DAG(s) 'etl_dag' retrieved from /usr/local/airflow/dags/etl.py
[2024-08-03T22:37:50.698+0000] {logging_mixin.py:188} INFO - [2024-08-03T22:37:50.698+0000] {dag.py:3089} INFO - Sync 1 DAGs
[2024-08-03T22:37:50.716+0000] {logging_mixin.py:188} INFO - [2024-08-03T22:37:50.716+0000] {dag.py:3947} INFO - Setting next_dagrun for etl_dag to 2024-08-03 12:00:00+00:00, run_after=2024-08-04 00:00:00+00:00
[2024-08-03T22:37:50.738+0000] {processor.py:183} INFO - Processing /usr/local/airflow/dags/etl.py took 0.082 seconds
[2024-08-03T22:38:21.024+0000] {processor.py:161} INFO - Started process (PID=445) to work on /usr/local/airflow/dags/etl.py
[2024-08-03T22:38:21.025+0000] {processor.py:830} INFO - Processing file /usr/local/airflow/dags/etl.py for tasks to queue
[2024-08-03T22:38:21.028+0000] {logging_mixin.py:188} INFO - [2024-08-03T22:38:21.028+0000] {dagbag.py:545} INFO - Filling up the DagBag from /usr/local/airflow/dags/etl.py
[2024-08-03T22:38:21.046+0000] {processor.py:840} INFO - DAG(s) 'etl_dag' retrieved from /usr/local/airflow/dags/etl.py
[2024-08-03T22:38:21.068+0000] {logging_mixin.py:188} INFO - [2024-08-03T22:38:21.068+0000] {dag.py:3089} INFO - Sync 1 DAGs
[2024-08-03T22:38:21.088+0000] {logging_mixin.py:188} INFO - [2024-08-03T22:38:21.088+0000] {dag.py:3947} INFO - Setting next_dagrun for etl_dag to 2024-08-03 12:00:00+00:00, run_after=2024-08-04 00:00:00+00:00
[2024-08-03T22:38:21.104+0000] {processor.py:183} INFO - Processing /usr/local/airflow/dags/etl.py took 0.087 seconds
[2024-08-03T22:38:51.418+0000] {processor.py:161} INFO - Started process (PID=455) to work on /usr/local/airflow/dags/etl.py
[2024-08-03T22:38:51.419+0000] {processor.py:830} INFO - Processing file /usr/local/airflow/dags/etl.py for tasks to queue
[2024-08-03T22:38:51.420+0000] {logging_mixin.py:188} INFO - [2024-08-03T22:38:51.420+0000] {dagbag.py:545} INFO - Filling up the DagBag from /usr/local/airflow/dags/etl.py
[2024-08-03T22:38:51.437+0000] {processor.py:840} INFO - DAG(s) 'etl_dag' retrieved from /usr/local/airflow/dags/etl.py
[2024-08-03T22:38:51.465+0000] {logging_mixin.py:188} INFO - [2024-08-03T22:38:51.464+0000] {dag.py:3089} INFO - Sync 1 DAGs
[2024-08-03T22:38:51.487+0000] {logging_mixin.py:188} INFO - [2024-08-03T22:38:51.487+0000] {dag.py:3947} INFO - Setting next_dagrun for etl_dag to 2024-08-03 12:00:00+00:00, run_after=2024-08-04 00:00:00+00:00
[2024-08-03T22:38:51.510+0000] {processor.py:183} INFO - Processing /usr/local/airflow/dags/etl.py took 0.098 seconds
[2024-08-03T22:39:21.792+0000] {processor.py:161} INFO - Started process (PID=465) to work on /usr/local/airflow/dags/etl.py
[2024-08-03T22:39:21.793+0000] {processor.py:830} INFO - Processing file /usr/local/airflow/dags/etl.py for tasks to queue
[2024-08-03T22:39:21.795+0000] {logging_mixin.py:188} INFO - [2024-08-03T22:39:21.795+0000] {dagbag.py:545} INFO - Filling up the DagBag from /usr/local/airflow/dags/etl.py
[2024-08-03T22:39:21.808+0000] {processor.py:840} INFO - DAG(s) 'etl_dag' retrieved from /usr/local/airflow/dags/etl.py
[2024-08-03T22:39:21.830+0000] {logging_mixin.py:188} INFO - [2024-08-03T22:39:21.830+0000] {dag.py:3089} INFO - Sync 1 DAGs
[2024-08-03T22:39:21.853+0000] {logging_mixin.py:188} INFO - [2024-08-03T22:39:21.852+0000] {dag.py:3947} INFO - Setting next_dagrun for etl_dag to 2024-08-03 12:00:00+00:00, run_after=2024-08-04 00:00:00+00:00
[2024-08-03T22:39:21.876+0000] {processor.py:183} INFO - Processing /usr/local/airflow/dags/etl.py took 0.093 seconds
[2024-08-03T22:39:52.168+0000] {processor.py:161} INFO - Started process (PID=475) to work on /usr/local/airflow/dags/etl.py
[2024-08-03T22:39:52.169+0000] {processor.py:830} INFO - Processing file /usr/local/airflow/dags/etl.py for tasks to queue
[2024-08-03T22:39:52.171+0000] {logging_mixin.py:188} INFO - [2024-08-03T22:39:52.171+0000] {dagbag.py:545} INFO - Filling up the DagBag from /usr/local/airflow/dags/etl.py
[2024-08-03T22:39:52.182+0000] {processor.py:840} INFO - DAG(s) 'etl_dag' retrieved from /usr/local/airflow/dags/etl.py
[2024-08-03T22:39:52.204+0000] {logging_mixin.py:188} INFO - [2024-08-03T22:39:52.203+0000] {dag.py:3089} INFO - Sync 1 DAGs
[2024-08-03T22:39:52.221+0000] {logging_mixin.py:188} INFO - [2024-08-03T22:39:52.221+0000] {dag.py:3947} INFO - Setting next_dagrun for etl_dag to 2024-08-03 12:00:00+00:00, run_after=2024-08-04 00:00:00+00:00
[2024-08-03T22:39:52.240+0000] {processor.py:183} INFO - Processing /usr/local/airflow/dags/etl.py took 0.078 seconds
[2024-08-03T22:40:22.555+0000] {processor.py:161} INFO - Started process (PID=485) to work on /usr/local/airflow/dags/etl.py
[2024-08-03T22:40:22.556+0000] {processor.py:830} INFO - Processing file /usr/local/airflow/dags/etl.py for tasks to queue
[2024-08-03T22:40:22.558+0000] {logging_mixin.py:188} INFO - [2024-08-03T22:40:22.558+0000] {dagbag.py:545} INFO - Filling up the DagBag from /usr/local/airflow/dags/etl.py
[2024-08-03T22:40:22.571+0000] {processor.py:840} INFO - DAG(s) 'etl_dag' retrieved from /usr/local/airflow/dags/etl.py
[2024-08-03T22:40:22.594+0000] {logging_mixin.py:188} INFO - [2024-08-03T22:40:22.593+0000] {dag.py:3089} INFO - Sync 1 DAGs
[2024-08-03T22:40:22.612+0000] {logging_mixin.py:188} INFO - [2024-08-03T22:40:22.612+0000] {dag.py:3947} INFO - Setting next_dagrun for etl_dag to 2024-08-03 12:00:00+00:00, run_after=2024-08-04 00:00:00+00:00
[2024-08-03T22:40:22.633+0000] {processor.py:183} INFO - Processing /usr/local/airflow/dags/etl.py took 0.084 seconds
[2024-08-03T22:40:52.942+0000] {processor.py:161} INFO - Started process (PID=495) to work on /usr/local/airflow/dags/etl.py
[2024-08-03T22:40:52.943+0000] {processor.py:830} INFO - Processing file /usr/local/airflow/dags/etl.py for tasks to queue
[2024-08-03T22:40:52.945+0000] {logging_mixin.py:188} INFO - [2024-08-03T22:40:52.945+0000] {dagbag.py:545} INFO - Filling up the DagBag from /usr/local/airflow/dags/etl.py
[2024-08-03T22:40:52.964+0000] {processor.py:840} INFO - DAG(s) 'etl_dag' retrieved from /usr/local/airflow/dags/etl.py
[2024-08-03T22:40:52.998+0000] {logging_mixin.py:188} INFO - [2024-08-03T22:40:52.998+0000] {dag.py:3089} INFO - Sync 1 DAGs
[2024-08-03T22:40:53.028+0000] {logging_mixin.py:188} INFO - [2024-08-03T22:40:53.027+0000] {dag.py:3947} INFO - Setting next_dagrun for etl_dag to 2024-08-03 12:00:00+00:00, run_after=2024-08-04 00:00:00+00:00
[2024-08-03T22:40:53.046+0000] {processor.py:183} INFO - Processing /usr/local/airflow/dags/etl.py took 0.111 seconds
[2024-08-03T22:41:23.369+0000] {processor.py:161} INFO - Started process (PID=505) to work on /usr/local/airflow/dags/etl.py
[2024-08-03T22:41:23.370+0000] {processor.py:830} INFO - Processing file /usr/local/airflow/dags/etl.py for tasks to queue
[2024-08-03T22:41:23.373+0000] {logging_mixin.py:188} INFO - [2024-08-03T22:41:23.372+0000] {dagbag.py:545} INFO - Filling up the DagBag from /usr/local/airflow/dags/etl.py
[2024-08-03T22:41:23.384+0000] {processor.py:840} INFO - DAG(s) 'etl_dag' retrieved from /usr/local/airflow/dags/etl.py
[2024-08-03T22:41:23.406+0000] {logging_mixin.py:188} INFO - [2024-08-03T22:41:23.405+0000] {dag.py:3089} INFO - Sync 1 DAGs
[2024-08-03T22:41:23.423+0000] {logging_mixin.py:188} INFO - [2024-08-03T22:41:23.423+0000] {dag.py:3947} INFO - Setting next_dagrun for etl_dag to 2024-08-03 12:00:00+00:00, run_after=2024-08-04 00:00:00+00:00
[2024-08-03T22:41:23.444+0000] {processor.py:183} INFO - Processing /usr/local/airflow/dags/etl.py took 0.079 seconds
[2024-08-03T22:41:53.721+0000] {processor.py:161} INFO - Started process (PID=515) to work on /usr/local/airflow/dags/etl.py
[2024-08-03T22:41:53.722+0000] {processor.py:830} INFO - Processing file /usr/local/airflow/dags/etl.py for tasks to queue
[2024-08-03T22:41:53.723+0000] {logging_mixin.py:188} INFO - [2024-08-03T22:41:53.723+0000] {dagbag.py:545} INFO - Filling up the DagBag from /usr/local/airflow/dags/etl.py
[2024-08-03T22:41:53.737+0000] {processor.py:840} INFO - DAG(s) 'etl_dag' retrieved from /usr/local/airflow/dags/etl.py
[2024-08-03T22:41:53.762+0000] {logging_mixin.py:188} INFO - [2024-08-03T22:41:53.762+0000] {dag.py:3089} INFO - Sync 1 DAGs
[2024-08-03T22:41:53.781+0000] {logging_mixin.py:188} INFO - [2024-08-03T22:41:53.781+0000] {dag.py:3947} INFO - Setting next_dagrun for etl_dag to 2024-08-03 12:00:00+00:00, run_after=2024-08-04 00:00:00+00:00
[2024-08-03T22:41:53.798+0000] {processor.py:183} INFO - Processing /usr/local/airflow/dags/etl.py took 0.084 seconds
[2024-08-03T22:42:24.087+0000] {processor.py:161} INFO - Started process (PID=525) to work on /usr/local/airflow/dags/etl.py
[2024-08-03T22:42:24.089+0000] {processor.py:830} INFO - Processing file /usr/local/airflow/dags/etl.py for tasks to queue
[2024-08-03T22:42:24.095+0000] {logging_mixin.py:188} INFO - [2024-08-03T22:42:24.095+0000] {dagbag.py:545} INFO - Filling up the DagBag from /usr/local/airflow/dags/etl.py
[2024-08-03T22:42:24.122+0000] {processor.py:840} INFO - DAG(s) 'etl_dag' retrieved from /usr/local/airflow/dags/etl.py
[2024-08-03T22:42:24.152+0000] {logging_mixin.py:188} INFO - [2024-08-03T22:42:24.152+0000] {dag.py:3089} INFO - Sync 1 DAGs
[2024-08-03T22:42:24.176+0000] {logging_mixin.py:188} INFO - [2024-08-03T22:42:24.175+0000] {dag.py:3947} INFO - Setting next_dagrun for etl_dag to 2024-08-03 12:00:00+00:00, run_after=2024-08-04 00:00:00+00:00
[2024-08-03T22:42:24.197+0000] {processor.py:183} INFO - Processing /usr/local/airflow/dags/etl.py took 0.121 seconds
[2024-08-03T22:42:54.529+0000] {processor.py:161} INFO - Started process (PID=535) to work on /usr/local/airflow/dags/etl.py
[2024-08-03T22:42:54.530+0000] {processor.py:830} INFO - Processing file /usr/local/airflow/dags/etl.py for tasks to queue
[2024-08-03T22:42:54.532+0000] {logging_mixin.py:188} INFO - [2024-08-03T22:42:54.531+0000] {dagbag.py:545} INFO - Filling up the DagBag from /usr/local/airflow/dags/etl.py
[2024-08-03T22:42:54.544+0000] {processor.py:840} INFO - DAG(s) 'etl_dag' retrieved from /usr/local/airflow/dags/etl.py
[2024-08-03T22:42:54.566+0000] {logging_mixin.py:188} INFO - [2024-08-03T22:42:54.566+0000] {dag.py:3089} INFO - Sync 1 DAGs
[2024-08-03T22:42:54.583+0000] {logging_mixin.py:188} INFO - [2024-08-03T22:42:54.583+0000] {dag.py:3947} INFO - Setting next_dagrun for etl_dag to 2024-08-03 12:00:00+00:00, run_after=2024-08-04 00:00:00+00:00
[2024-08-03T22:42:54.606+0000] {processor.py:183} INFO - Processing /usr/local/airflow/dags/etl.py took 0.081 seconds
[2024-08-03T22:43:24.872+0000] {processor.py:161} INFO - Started process (PID=545) to work on /usr/local/airflow/dags/etl.py
[2024-08-03T22:43:24.873+0000] {processor.py:830} INFO - Processing file /usr/local/airflow/dags/etl.py for tasks to queue
[2024-08-03T22:43:24.875+0000] {logging_mixin.py:188} INFO - [2024-08-03T22:43:24.875+0000] {dagbag.py:545} INFO - Filling up the DagBag from /usr/local/airflow/dags/etl.py
[2024-08-03T22:43:24.887+0000] {processor.py:840} INFO - DAG(s) 'etl_dag' retrieved from /usr/local/airflow/dags/etl.py
[2024-08-03T22:43:24.908+0000] {logging_mixin.py:188} INFO - [2024-08-03T22:43:24.908+0000] {dag.py:3089} INFO - Sync 1 DAGs
[2024-08-03T22:43:24.927+0000] {logging_mixin.py:188} INFO - [2024-08-03T22:43:24.926+0000] {dag.py:3947} INFO - Setting next_dagrun for etl_dag to 2024-08-03 12:00:00+00:00, run_after=2024-08-04 00:00:00+00:00
[2024-08-03T22:43:24.948+0000] {processor.py:183} INFO - Processing /usr/local/airflow/dags/etl.py took 0.080 seconds
[2024-08-03T22:43:55.192+0000] {processor.py:161} INFO - Started process (PID=555) to work on /usr/local/airflow/dags/etl.py
[2024-08-03T22:43:55.193+0000] {processor.py:830} INFO - Processing file /usr/local/airflow/dags/etl.py for tasks to queue
[2024-08-03T22:43:55.195+0000] {logging_mixin.py:188} INFO - [2024-08-03T22:43:55.195+0000] {dagbag.py:545} INFO - Filling up the DagBag from /usr/local/airflow/dags/etl.py
[2024-08-03T22:43:55.208+0000] {processor.py:840} INFO - DAG(s) 'etl_dag' retrieved from /usr/local/airflow/dags/etl.py
[2024-08-03T22:43:55.231+0000] {logging_mixin.py:188} INFO - [2024-08-03T22:43:55.231+0000] {dag.py:3089} INFO - Sync 1 DAGs
[2024-08-03T22:43:55.252+0000] {logging_mixin.py:188} INFO - [2024-08-03T22:43:55.251+0000] {dag.py:3947} INFO - Setting next_dagrun for etl_dag to 2024-08-03 12:00:00+00:00, run_after=2024-08-04 00:00:00+00:00
[2024-08-03T22:43:55.274+0000] {processor.py:183} INFO - Processing /usr/local/airflow/dags/etl.py took 0.088 seconds
[2024-08-03T22:44:25.573+0000] {processor.py:161} INFO - Started process (PID=565) to work on /usr/local/airflow/dags/etl.py
[2024-08-03T22:44:25.574+0000] {processor.py:830} INFO - Processing file /usr/local/airflow/dags/etl.py for tasks to queue
[2024-08-03T22:44:25.576+0000] {logging_mixin.py:188} INFO - [2024-08-03T22:44:25.576+0000] {dagbag.py:545} INFO - Filling up the DagBag from /usr/local/airflow/dags/etl.py
[2024-08-03T22:44:25.587+0000] {processor.py:840} INFO - DAG(s) 'etl_dag' retrieved from /usr/local/airflow/dags/etl.py
[2024-08-03T22:44:25.608+0000] {logging_mixin.py:188} INFO - [2024-08-03T22:44:25.608+0000] {dag.py:3089} INFO - Sync 1 DAGs
[2024-08-03T22:44:25.626+0000] {logging_mixin.py:188} INFO - [2024-08-03T22:44:25.626+0000] {dag.py:3947} INFO - Setting next_dagrun for etl_dag to 2024-08-03 12:00:00+00:00, run_after=2024-08-04 00:00:00+00:00
[2024-08-03T22:44:25.650+0000] {processor.py:183} INFO - Processing /usr/local/airflow/dags/etl.py took 0.082 seconds
[2024-08-03T22:44:55.946+0000] {processor.py:161} INFO - Started process (PID=575) to work on /usr/local/airflow/dags/etl.py
[2024-08-03T22:44:55.947+0000] {processor.py:830} INFO - Processing file /usr/local/airflow/dags/etl.py for tasks to queue
[2024-08-03T22:44:55.949+0000] {logging_mixin.py:188} INFO - [2024-08-03T22:44:55.949+0000] {dagbag.py:545} INFO - Filling up the DagBag from /usr/local/airflow/dags/etl.py
[2024-08-03T22:44:55.966+0000] {processor.py:840} INFO - DAG(s) 'etl_dag' retrieved from /usr/local/airflow/dags/etl.py
[2024-08-03T22:44:55.992+0000] {logging_mixin.py:188} INFO - [2024-08-03T22:44:55.992+0000] {dag.py:3089} INFO - Sync 1 DAGs
[2024-08-03T22:44:56.015+0000] {logging_mixin.py:188} INFO - [2024-08-03T22:44:56.015+0000] {dag.py:3947} INFO - Setting next_dagrun for etl_dag to 2024-08-03 12:00:00+00:00, run_after=2024-08-04 00:00:00+00:00
[2024-08-03T22:44:56.037+0000] {processor.py:183} INFO - Processing /usr/local/airflow/dags/etl.py took 0.102 seconds
[2024-08-03T22:45:26.298+0000] {processor.py:161} INFO - Started process (PID=585) to work on /usr/local/airflow/dags/etl.py
[2024-08-03T22:45:26.299+0000] {processor.py:830} INFO - Processing file /usr/local/airflow/dags/etl.py for tasks to queue
[2024-08-03T22:45:26.301+0000] {logging_mixin.py:188} INFO - [2024-08-03T22:45:26.300+0000] {dagbag.py:545} INFO - Filling up the DagBag from /usr/local/airflow/dags/etl.py
[2024-08-03T22:45:26.313+0000] {processor.py:840} INFO - DAG(s) 'etl_dag' retrieved from /usr/local/airflow/dags/etl.py
[2024-08-03T22:45:26.334+0000] {logging_mixin.py:188} INFO - [2024-08-03T22:45:26.333+0000] {dag.py:3089} INFO - Sync 1 DAGs
[2024-08-03T22:45:26.353+0000] {logging_mixin.py:188} INFO - [2024-08-03T22:45:26.353+0000] {dag.py:3947} INFO - Setting next_dagrun for etl_dag to 2024-08-03 12:00:00+00:00, run_after=2024-08-04 00:00:00+00:00
[2024-08-03T22:45:26.374+0000] {processor.py:183} INFO - Processing /usr/local/airflow/dags/etl.py took 0.083 seconds
[2024-08-03T22:45:56.690+0000] {processor.py:161} INFO - Started process (PID=595) to work on /usr/local/airflow/dags/etl.py
[2024-08-03T22:45:56.691+0000] {processor.py:830} INFO - Processing file /usr/local/airflow/dags/etl.py for tasks to queue
[2024-08-03T22:45:56.693+0000] {logging_mixin.py:188} INFO - [2024-08-03T22:45:56.693+0000] {dagbag.py:545} INFO - Filling up the DagBag from /usr/local/airflow/dags/etl.py
[2024-08-03T22:45:56.707+0000] {processor.py:840} INFO - DAG(s) 'etl_dag' retrieved from /usr/local/airflow/dags/etl.py
[2024-08-03T22:45:56.730+0000] {logging_mixin.py:188} INFO - [2024-08-03T22:45:56.730+0000] {dag.py:3089} INFO - Sync 1 DAGs
[2024-08-03T22:45:56.754+0000] {logging_mixin.py:188} INFO - [2024-08-03T22:45:56.754+0000] {dag.py:3947} INFO - Setting next_dagrun for etl_dag to 2024-08-03 12:00:00+00:00, run_after=2024-08-04 00:00:00+00:00
[2024-08-03T22:45:56.797+0000] {processor.py:183} INFO - Processing /usr/local/airflow/dags/etl.py took 0.113 seconds
[2024-08-03T22:46:27.077+0000] {processor.py:161} INFO - Started process (PID=605) to work on /usr/local/airflow/dags/etl.py
[2024-08-03T22:46:27.078+0000] {processor.py:830} INFO - Processing file /usr/local/airflow/dags/etl.py for tasks to queue
[2024-08-03T22:46:27.080+0000] {logging_mixin.py:188} INFO - [2024-08-03T22:46:27.079+0000] {dagbag.py:545} INFO - Filling up the DagBag from /usr/local/airflow/dags/etl.py
[2024-08-03T22:46:27.091+0000] {processor.py:840} INFO - DAG(s) 'etl_dag' retrieved from /usr/local/airflow/dags/etl.py
[2024-08-03T22:46:27.113+0000] {logging_mixin.py:188} INFO - [2024-08-03T22:46:27.113+0000] {dag.py:3089} INFO - Sync 1 DAGs
[2024-08-03T22:46:27.132+0000] {logging_mixin.py:188} INFO - [2024-08-03T22:46:27.132+0000] {dag.py:3947} INFO - Setting next_dagrun for etl_dag to 2024-08-03 12:00:00+00:00, run_after=2024-08-04 00:00:00+00:00
[2024-08-03T22:46:27.149+0000] {processor.py:183} INFO - Processing /usr/local/airflow/dags/etl.py took 0.077 seconds
[2024-08-03T22:46:57.464+0000] {processor.py:161} INFO - Started process (PID=615) to work on /usr/local/airflow/dags/etl.py
[2024-08-03T22:46:57.465+0000] {processor.py:830} INFO - Processing file /usr/local/airflow/dags/etl.py for tasks to queue
[2024-08-03T22:46:57.467+0000] {logging_mixin.py:188} INFO - [2024-08-03T22:46:57.467+0000] {dagbag.py:545} INFO - Filling up the DagBag from /usr/local/airflow/dags/etl.py
[2024-08-03T22:46:57.482+0000] {processor.py:840} INFO - DAG(s) 'etl_dag' retrieved from /usr/local/airflow/dags/etl.py
[2024-08-03T22:46:57.510+0000] {logging_mixin.py:188} INFO - [2024-08-03T22:46:57.510+0000] {dag.py:3089} INFO - Sync 1 DAGs
[2024-08-03T22:46:57.530+0000] {logging_mixin.py:188} INFO - [2024-08-03T22:46:57.530+0000] {dag.py:3947} INFO - Setting next_dagrun for etl_dag to 2024-08-03 12:00:00+00:00, run_after=2024-08-04 00:00:00+00:00
[2024-08-03T22:46:57.551+0000] {processor.py:183} INFO - Processing /usr/local/airflow/dags/etl.py took 0.093 seconds
[2024-08-03T22:47:27.842+0000] {processor.py:161} INFO - Started process (PID=625) to work on /usr/local/airflow/dags/etl.py
[2024-08-03T22:47:27.843+0000] {processor.py:830} INFO - Processing file /usr/local/airflow/dags/etl.py for tasks to queue
[2024-08-03T22:47:27.845+0000] {logging_mixin.py:188} INFO - [2024-08-03T22:47:27.845+0000] {dagbag.py:545} INFO - Filling up the DagBag from /usr/local/airflow/dags/etl.py
[2024-08-03T22:47:27.882+0000] {processor.py:840} INFO - DAG(s) 'etl_dag' retrieved from /usr/local/airflow/dags/etl.py
[2024-08-03T22:47:27.931+0000] {logging_mixin.py:188} INFO - [2024-08-03T22:47:27.931+0000] {dag.py:3089} INFO - Sync 1 DAGs
[2024-08-03T22:47:27.957+0000] {logging_mixin.py:188} INFO - [2024-08-03T22:47:27.957+0000] {dag.py:3947} INFO - Setting next_dagrun for etl_dag to 2024-08-03 12:00:00+00:00, run_after=2024-08-04 00:00:00+00:00
[2024-08-03T22:47:27.976+0000] {processor.py:183} INFO - Processing /usr/local/airflow/dags/etl.py took 0.143 seconds
[2024-08-03T22:47:58.237+0000] {processor.py:161} INFO - Started process (PID=635) to work on /usr/local/airflow/dags/etl.py
[2024-08-03T22:47:58.238+0000] {processor.py:830} INFO - Processing file /usr/local/airflow/dags/etl.py for tasks to queue
[2024-08-03T22:47:58.239+0000] {logging_mixin.py:188} INFO - [2024-08-03T22:47:58.239+0000] {dagbag.py:545} INFO - Filling up the DagBag from /usr/local/airflow/dags/etl.py
[2024-08-03T22:47:58.252+0000] {processor.py:840} INFO - DAG(s) 'etl_dag' retrieved from /usr/local/airflow/dags/etl.py
[2024-08-03T22:47:58.275+0000] {logging_mixin.py:188} INFO - [2024-08-03T22:47:58.275+0000] {dag.py:3089} INFO - Sync 1 DAGs
[2024-08-03T22:47:58.293+0000] {logging_mixin.py:188} INFO - [2024-08-03T22:47:58.293+0000] {dag.py:3947} INFO - Setting next_dagrun for etl_dag to 2024-08-03 12:00:00+00:00, run_after=2024-08-04 00:00:00+00:00
[2024-08-03T22:47:58.312+0000] {processor.py:183} INFO - Processing /usr/local/airflow/dags/etl.py took 0.081 seconds
[2024-08-03T22:48:28.586+0000] {processor.py:161} INFO - Started process (PID=645) to work on /usr/local/airflow/dags/etl.py
[2024-08-03T22:48:28.586+0000] {processor.py:830} INFO - Processing file /usr/local/airflow/dags/etl.py for tasks to queue
[2024-08-03T22:48:28.588+0000] {logging_mixin.py:188} INFO - [2024-08-03T22:48:28.588+0000] {dagbag.py:545} INFO - Filling up the DagBag from /usr/local/airflow/dags/etl.py
[2024-08-03T22:48:28.603+0000] {processor.py:840} INFO - DAG(s) 'etl_dag' retrieved from /usr/local/airflow/dags/etl.py
[2024-08-03T22:48:28.625+0000] {logging_mixin.py:188} INFO - [2024-08-03T22:48:28.624+0000] {dag.py:3089} INFO - Sync 1 DAGs
[2024-08-03T22:48:28.644+0000] {logging_mixin.py:188} INFO - [2024-08-03T22:48:28.644+0000] {dag.py:3947} INFO - Setting next_dagrun for etl_dag to 2024-08-03 12:00:00+00:00, run_after=2024-08-04 00:00:00+00:00
[2024-08-03T22:48:28.664+0000] {processor.py:183} INFO - Processing /usr/local/airflow/dags/etl.py took 0.083 seconds
[2024-08-03T22:48:58.939+0000] {processor.py:161} INFO - Started process (PID=655) to work on /usr/local/airflow/dags/etl.py
[2024-08-03T22:48:58.941+0000] {processor.py:830} INFO - Processing file /usr/local/airflow/dags/etl.py for tasks to queue
[2024-08-03T22:48:58.943+0000] {logging_mixin.py:188} INFO - [2024-08-03T22:48:58.943+0000] {dagbag.py:545} INFO - Filling up the DagBag from /usr/local/airflow/dags/etl.py
[2024-08-03T22:48:58.960+0000] {processor.py:840} INFO - DAG(s) 'etl_dag' retrieved from /usr/local/airflow/dags/etl.py
[2024-08-03T22:48:58.990+0000] {logging_mixin.py:188} INFO - [2024-08-03T22:48:58.990+0000] {dag.py:3089} INFO - Sync 1 DAGs
[2024-08-03T22:48:59.019+0000] {logging_mixin.py:188} INFO - [2024-08-03T22:48:59.019+0000] {dag.py:3947} INFO - Setting next_dagrun for etl_dag to 2024-08-03 12:00:00+00:00, run_after=2024-08-04 00:00:00+00:00
[2024-08-03T22:48:59.042+0000] {processor.py:183} INFO - Processing /usr/local/airflow/dags/etl.py took 0.111 seconds
[2024-08-03T22:49:29.349+0000] {processor.py:161} INFO - Started process (PID=665) to work on /usr/local/airflow/dags/etl.py
[2024-08-03T22:49:29.350+0000] {processor.py:830} INFO - Processing file /usr/local/airflow/dags/etl.py for tasks to queue
[2024-08-03T22:49:29.352+0000] {logging_mixin.py:188} INFO - [2024-08-03T22:49:29.351+0000] {dagbag.py:545} INFO - Filling up the DagBag from /usr/local/airflow/dags/etl.py
[2024-08-03T22:49:29.363+0000] {processor.py:840} INFO - DAG(s) 'etl_dag' retrieved from /usr/local/airflow/dags/etl.py
[2024-08-03T22:49:29.385+0000] {logging_mixin.py:188} INFO - [2024-08-03T22:49:29.385+0000] {dag.py:3089} INFO - Sync 1 DAGs
[2024-08-03T22:49:29.404+0000] {logging_mixin.py:188} INFO - [2024-08-03T22:49:29.404+0000] {dag.py:3947} INFO - Setting next_dagrun for etl_dag to 2024-08-03 12:00:00+00:00, run_after=2024-08-04 00:00:00+00:00
[2024-08-03T22:49:29.426+0000] {processor.py:183} INFO - Processing /usr/local/airflow/dags/etl.py took 0.082 seconds
[2024-08-03T22:49:59.754+0000] {processor.py:161} INFO - Started process (PID=675) to work on /usr/local/airflow/dags/etl.py
[2024-08-03T22:49:59.763+0000] {processor.py:830} INFO - Processing file /usr/local/airflow/dags/etl.py for tasks to queue
[2024-08-03T22:49:59.766+0000] {logging_mixin.py:188} INFO - [2024-08-03T22:49:59.765+0000] {dagbag.py:545} INFO - Filling up the DagBag from /usr/local/airflow/dags/etl.py
[2024-08-03T22:49:59.810+0000] {processor.py:840} INFO - DAG(s) 'etl_dag' retrieved from /usr/local/airflow/dags/etl.py
[2024-08-03T22:49:59.860+0000] {logging_mixin.py:188} INFO - [2024-08-03T22:49:59.860+0000] {dag.py:3089} INFO - Sync 1 DAGs
[2024-08-03T22:49:59.903+0000] {logging_mixin.py:188} INFO - [2024-08-03T22:49:59.903+0000] {dag.py:3947} INFO - Setting next_dagrun for etl_dag to 2024-08-03 12:00:00+00:00, run_after=2024-08-04 00:00:00+00:00
[2024-08-03T22:49:59.931+0000] {processor.py:183} INFO - Processing /usr/local/airflow/dags/etl.py took 0.189 seconds
[2024-08-03T22:50:30.284+0000] {processor.py:161} INFO - Started process (PID=685) to work on /usr/local/airflow/dags/etl.py
[2024-08-03T22:50:30.293+0000] {processor.py:830} INFO - Processing file /usr/local/airflow/dags/etl.py for tasks to queue
[2024-08-03T22:50:30.296+0000] {logging_mixin.py:188} INFO - [2024-08-03T22:50:30.295+0000] {dagbag.py:545} INFO - Filling up the DagBag from /usr/local/airflow/dags/etl.py
[2024-08-03T22:50:30.320+0000] {processor.py:840} INFO - DAG(s) 'etl_dag' retrieved from /usr/local/airflow/dags/etl.py
[2024-08-03T22:50:30.363+0000] {logging_mixin.py:188} INFO - [2024-08-03T22:50:30.362+0000] {dag.py:3089} INFO - Sync 1 DAGs
[2024-08-03T22:50:30.402+0000] {logging_mixin.py:188} INFO - [2024-08-03T22:50:30.401+0000] {dag.py:3947} INFO - Setting next_dagrun for etl_dag to 2024-08-03 12:00:00+00:00, run_after=2024-08-04 00:00:00+00:00
[2024-08-03T22:50:30.430+0000] {processor.py:183} INFO - Processing /usr/local/airflow/dags/etl.py took 0.155 seconds
[2024-08-03T22:51:00.725+0000] {processor.py:161} INFO - Started process (PID=695) to work on /usr/local/airflow/dags/etl.py
[2024-08-03T22:51:00.727+0000] {processor.py:830} INFO - Processing file /usr/local/airflow/dags/etl.py for tasks to queue
[2024-08-03T22:51:00.729+0000] {logging_mixin.py:188} INFO - [2024-08-03T22:51:00.728+0000] {dagbag.py:545} INFO - Filling up the DagBag from /usr/local/airflow/dags/etl.py
[2024-08-03T22:51:00.742+0000] {processor.py:840} INFO - DAG(s) 'etl_dag' retrieved from /usr/local/airflow/dags/etl.py
[2024-08-03T22:51:00.775+0000] {logging_mixin.py:188} INFO - [2024-08-03T22:51:00.774+0000] {dag.py:3089} INFO - Sync 1 DAGs
[2024-08-03T22:51:00.817+0000] {logging_mixin.py:188} INFO - [2024-08-03T22:51:00.816+0000] {dag.py:3947} INFO - Setting next_dagrun for etl_dag to 2024-08-03 12:00:00+00:00, run_after=2024-08-04 00:00:00+00:00
[2024-08-03T22:51:00.851+0000] {processor.py:183} INFO - Processing /usr/local/airflow/dags/etl.py took 0.133 seconds
[2024-08-03T22:51:31.143+0000] {processor.py:161} INFO - Started process (PID=705) to work on /usr/local/airflow/dags/etl.py
[2024-08-03T22:51:31.144+0000] {processor.py:830} INFO - Processing file /usr/local/airflow/dags/etl.py for tasks to queue
[2024-08-03T22:51:31.147+0000] {logging_mixin.py:188} INFO - [2024-08-03T22:51:31.147+0000] {dagbag.py:545} INFO - Filling up the DagBag from /usr/local/airflow/dags/etl.py
[2024-08-03T22:51:31.160+0000] {processor.py:840} INFO - DAG(s) 'etl_dag' retrieved from /usr/local/airflow/dags/etl.py
[2024-08-03T22:51:31.183+0000] {logging_mixin.py:188} INFO - [2024-08-03T22:51:31.183+0000] {dag.py:3089} INFO - Sync 1 DAGs
[2024-08-03T22:51:31.201+0000] {logging_mixin.py:188} INFO - [2024-08-03T22:51:31.201+0000] {dag.py:3947} INFO - Setting next_dagrun for etl_dag to 2024-08-03 12:00:00+00:00, run_after=2024-08-04 00:00:00+00:00
[2024-08-03T22:51:31.219+0000] {processor.py:183} INFO - Processing /usr/local/airflow/dags/etl.py took 0.083 seconds
[2024-08-03T22:52:01.491+0000] {processor.py:161} INFO - Started process (PID=715) to work on /usr/local/airflow/dags/etl.py
[2024-08-03T22:52:01.492+0000] {processor.py:830} INFO - Processing file /usr/local/airflow/dags/etl.py for tasks to queue
[2024-08-03T22:52:01.494+0000] {logging_mixin.py:188} INFO - [2024-08-03T22:52:01.494+0000] {dagbag.py:545} INFO - Filling up the DagBag from /usr/local/airflow/dags/etl.py
[2024-08-03T22:52:01.506+0000] {processor.py:840} INFO - DAG(s) 'etl_dag' retrieved from /usr/local/airflow/dags/etl.py
[2024-08-03T22:52:01.539+0000] {logging_mixin.py:188} INFO - [2024-08-03T22:52:01.539+0000] {dag.py:3089} INFO - Sync 1 DAGs
[2024-08-03T22:52:01.561+0000] {logging_mixin.py:188} INFO - [2024-08-03T22:52:01.561+0000] {dag.py:3947} INFO - Setting next_dagrun for etl_dag to 2024-08-03 12:00:00+00:00, run_after=2024-08-04 00:00:00+00:00
[2024-08-03T22:52:01.582+0000] {processor.py:183} INFO - Processing /usr/local/airflow/dags/etl.py took 0.095 seconds
[2024-08-03T22:52:31.864+0000] {processor.py:161} INFO - Started process (PID=725) to work on /usr/local/airflow/dags/etl.py
[2024-08-03T22:52:31.866+0000] {processor.py:830} INFO - Processing file /usr/local/airflow/dags/etl.py for tasks to queue
[2024-08-03T22:52:31.868+0000] {logging_mixin.py:188} INFO - [2024-08-03T22:52:31.867+0000] {dagbag.py:545} INFO - Filling up the DagBag from /usr/local/airflow/dags/etl.py
[2024-08-03T22:52:31.879+0000] {processor.py:840} INFO - DAG(s) 'etl_dag' retrieved from /usr/local/airflow/dags/etl.py
[2024-08-03T22:52:31.921+0000] {logging_mixin.py:188} INFO - [2024-08-03T22:52:31.921+0000] {dag.py:3089} INFO - Sync 1 DAGs
[2024-08-03T22:52:31.942+0000] {logging_mixin.py:188} INFO - [2024-08-03T22:52:31.941+0000] {dag.py:3947} INFO - Setting next_dagrun for etl_dag to 2024-08-03 12:00:00+00:00, run_after=2024-08-04 00:00:00+00:00
[2024-08-03T22:52:31.962+0000] {processor.py:183} INFO - Processing /usr/local/airflow/dags/etl.py took 0.103 seconds
[2024-08-03T22:53:02.160+0000] {processor.py:161} INFO - Started process (PID=735) to work on /usr/local/airflow/dags/etl.py
[2024-08-03T22:53:02.161+0000] {processor.py:830} INFO - Processing file /usr/local/airflow/dags/etl.py for tasks to queue
[2024-08-03T22:53:02.163+0000] {logging_mixin.py:188} INFO - [2024-08-03T22:53:02.163+0000] {dagbag.py:545} INFO - Filling up the DagBag from /usr/local/airflow/dags/etl.py
[2024-08-03T22:53:02.174+0000] {processor.py:840} INFO - DAG(s) 'etl_dag' retrieved from /usr/local/airflow/dags/etl.py
[2024-08-03T22:53:02.202+0000] {logging_mixin.py:188} INFO - [2024-08-03T22:53:02.202+0000] {dag.py:3089} INFO - Sync 1 DAGs
[2024-08-03T22:53:02.220+0000] {logging_mixin.py:188} INFO - [2024-08-03T22:53:02.220+0000] {dag.py:3947} INFO - Setting next_dagrun for etl_dag to 2024-08-03 12:00:00+00:00, run_after=2024-08-04 00:00:00+00:00
[2024-08-03T22:53:02.240+0000] {processor.py:183} INFO - Processing /usr/local/airflow/dags/etl.py took 0.085 seconds
[2024-08-03T22:53:32.520+0000] {processor.py:161} INFO - Started process (PID=745) to work on /usr/local/airflow/dags/etl.py
[2024-08-03T22:53:32.522+0000] {processor.py:830} INFO - Processing file /usr/local/airflow/dags/etl.py for tasks to queue
[2024-08-03T22:53:32.524+0000] {logging_mixin.py:188} INFO - [2024-08-03T22:53:32.524+0000] {dagbag.py:545} INFO - Filling up the DagBag from /usr/local/airflow/dags/etl.py
[2024-08-03T22:53:32.538+0000] {processor.py:840} INFO - DAG(s) 'etl_dag' retrieved from /usr/local/airflow/dags/etl.py
[2024-08-03T22:53:32.568+0000] {logging_mixin.py:188} INFO - [2024-08-03T22:53:32.568+0000] {dag.py:3089} INFO - Sync 1 DAGs
[2024-08-03T22:53:32.590+0000] {logging_mixin.py:188} INFO - [2024-08-03T22:53:32.590+0000] {dag.py:3947} INFO - Setting next_dagrun for etl_dag to 2024-08-03 12:00:00+00:00, run_after=2024-08-04 00:00:00+00:00
[2024-08-03T22:53:32.622+0000] {processor.py:183} INFO - Processing /usr/local/airflow/dags/etl.py took 0.107 seconds
[2024-08-03T22:54:02.902+0000] {processor.py:161} INFO - Started process (PID=755) to work on /usr/local/airflow/dags/etl.py
[2024-08-03T22:54:02.904+0000] {processor.py:830} INFO - Processing file /usr/local/airflow/dags/etl.py for tasks to queue
[2024-08-03T22:54:02.906+0000] {logging_mixin.py:188} INFO - [2024-08-03T22:54:02.905+0000] {dagbag.py:545} INFO - Filling up the DagBag from /usr/local/airflow/dags/etl.py
[2024-08-03T22:54:02.930+0000] {processor.py:840} INFO - DAG(s) 'etl_dag' retrieved from /usr/local/airflow/dags/etl.py
[2024-08-03T22:54:02.970+0000] {logging_mixin.py:188} INFO - [2024-08-03T22:54:02.969+0000] {dag.py:3089} INFO - Sync 1 DAGs
[2024-08-03T22:54:02.998+0000] {logging_mixin.py:188} INFO - [2024-08-03T22:54:02.997+0000] {dag.py:3947} INFO - Setting next_dagrun for etl_dag to 2024-08-03 12:00:00+00:00, run_after=2024-08-04 00:00:00+00:00
[2024-08-03T22:54:03.018+0000] {processor.py:183} INFO - Processing /usr/local/airflow/dags/etl.py took 0.124 seconds
[2024-08-03T22:54:33.483+0000] {processor.py:161} INFO - Started process (PID=765) to work on /usr/local/airflow/dags/etl.py
[2024-08-03T22:54:33.484+0000] {processor.py:830} INFO - Processing file /usr/local/airflow/dags/etl.py for tasks to queue
[2024-08-03T22:54:33.486+0000] {logging_mixin.py:188} INFO - [2024-08-03T22:54:33.486+0000] {dagbag.py:545} INFO - Filling up the DagBag from /usr/local/airflow/dags/etl.py
[2024-08-03T22:54:33.500+0000] {processor.py:840} INFO - DAG(s) 'etl_dag' retrieved from /usr/local/airflow/dags/etl.py
[2024-08-03T22:54:33.529+0000] {logging_mixin.py:188} INFO - [2024-08-03T22:54:33.529+0000] {dag.py:3089} INFO - Sync 1 DAGs
[2024-08-03T22:54:33.548+0000] {logging_mixin.py:188} INFO - [2024-08-03T22:54:33.547+0000] {dag.py:3947} INFO - Setting next_dagrun for etl_dag to 2024-08-03 12:00:00+00:00, run_after=2024-08-04 00:00:00+00:00
[2024-08-03T22:54:33.569+0000] {processor.py:183} INFO - Processing /usr/local/airflow/dags/etl.py took 0.092 seconds
[2024-08-03T22:55:03.925+0000] {processor.py:161} INFO - Started process (PID=775) to work on /usr/local/airflow/dags/etl.py
[2024-08-03T22:55:03.926+0000] {processor.py:830} INFO - Processing file /usr/local/airflow/dags/etl.py for tasks to queue
[2024-08-03T22:55:03.928+0000] {logging_mixin.py:188} INFO - [2024-08-03T22:55:03.927+0000] {dagbag.py:545} INFO - Filling up the DagBag from /usr/local/airflow/dags/etl.py
[2024-08-03T22:55:03.940+0000] {processor.py:840} INFO - DAG(s) 'etl_dag' retrieved from /usr/local/airflow/dags/etl.py
[2024-08-03T22:55:03.967+0000] {logging_mixin.py:188} INFO - [2024-08-03T22:55:03.966+0000] {dag.py:3089} INFO - Sync 1 DAGs
[2024-08-03T22:55:03.986+0000] {logging_mixin.py:188} INFO - [2024-08-03T22:55:03.985+0000] {dag.py:3947} INFO - Setting next_dagrun for etl_dag to 2024-08-03 12:00:00+00:00, run_after=2024-08-04 00:00:00+00:00
[2024-08-03T22:55:04.010+0000] {processor.py:183} INFO - Processing /usr/local/airflow/dags/etl.py took 0.088 seconds
[2024-08-03T22:55:34.308+0000] {processor.py:161} INFO - Started process (PID=785) to work on /usr/local/airflow/dags/etl.py
[2024-08-03T22:55:34.309+0000] {processor.py:830} INFO - Processing file /usr/local/airflow/dags/etl.py for tasks to queue
[2024-08-03T22:55:34.310+0000] {logging_mixin.py:188} INFO - [2024-08-03T22:55:34.310+0000] {dagbag.py:545} INFO - Filling up the DagBag from /usr/local/airflow/dags/etl.py
[2024-08-03T22:55:34.325+0000] {processor.py:840} INFO - DAG(s) 'etl_dag' retrieved from /usr/local/airflow/dags/etl.py
[2024-08-03T22:55:34.348+0000] {logging_mixin.py:188} INFO - [2024-08-03T22:55:34.348+0000] {dag.py:3089} INFO - Sync 1 DAGs
[2024-08-03T22:55:34.368+0000] {logging_mixin.py:188} INFO - [2024-08-03T22:55:34.368+0000] {dag.py:3947} INFO - Setting next_dagrun for etl_dag to 2024-08-03 12:00:00+00:00, run_after=2024-08-04 00:00:00+00:00
[2024-08-03T22:55:34.396+0000] {processor.py:183} INFO - Processing /usr/local/airflow/dags/etl.py took 0.109 seconds
[2024-08-03T22:56:04.676+0000] {processor.py:161} INFO - Started process (PID=795) to work on /usr/local/airflow/dags/etl.py
[2024-08-03T22:56:04.677+0000] {processor.py:830} INFO - Processing file /usr/local/airflow/dags/etl.py for tasks to queue
[2024-08-03T22:56:04.679+0000] {logging_mixin.py:188} INFO - [2024-08-03T22:56:04.679+0000] {dagbag.py:545} INFO - Filling up the DagBag from /usr/local/airflow/dags/etl.py
[2024-08-03T22:56:04.692+0000] {processor.py:840} INFO - DAG(s) 'etl_dag' retrieved from /usr/local/airflow/dags/etl.py
[2024-08-03T22:56:04.717+0000] {logging_mixin.py:188} INFO - [2024-08-03T22:56:04.716+0000] {dag.py:3089} INFO - Sync 1 DAGs
[2024-08-03T22:56:04.739+0000] {logging_mixin.py:188} INFO - [2024-08-03T22:56:04.739+0000] {dag.py:3947} INFO - Setting next_dagrun for etl_dag to 2024-08-03 12:00:00+00:00, run_after=2024-08-04 00:00:00+00:00
[2024-08-03T22:56:04.758+0000] {processor.py:183} INFO - Processing /usr/local/airflow/dags/etl.py took 0.089 seconds
[2024-08-03T22:56:35.015+0000] {processor.py:161} INFO - Started process (PID=805) to work on /usr/local/airflow/dags/etl.py
[2024-08-03T22:56:35.017+0000] {processor.py:830} INFO - Processing file /usr/local/airflow/dags/etl.py for tasks to queue
[2024-08-03T22:56:35.019+0000] {logging_mixin.py:188} INFO - [2024-08-03T22:56:35.019+0000] {dagbag.py:545} INFO - Filling up the DagBag from /usr/local/airflow/dags/etl.py
[2024-08-03T22:56:35.031+0000] {processor.py:840} INFO - DAG(s) 'etl_dag' retrieved from /usr/local/airflow/dags/etl.py
[2024-08-03T22:56:35.055+0000] {logging_mixin.py:188} INFO - [2024-08-03T22:56:35.055+0000] {dag.py:3089} INFO - Sync 1 DAGs
[2024-08-03T22:56:35.077+0000] {logging_mixin.py:188} INFO - [2024-08-03T22:56:35.077+0000] {dag.py:3947} INFO - Setting next_dagrun for etl_dag to 2024-08-03 12:00:00+00:00, run_after=2024-08-04 00:00:00+00:00
[2024-08-03T22:56:35.101+0000] {processor.py:183} INFO - Processing /usr/local/airflow/dags/etl.py took 0.092 seconds
[2024-08-03T22:57:05.417+0000] {processor.py:161} INFO - Started process (PID=815) to work on /usr/local/airflow/dags/etl.py
[2024-08-03T22:57:05.418+0000] {processor.py:830} INFO - Processing file /usr/local/airflow/dags/etl.py for tasks to queue
[2024-08-03T22:57:05.420+0000] {logging_mixin.py:188} INFO - [2024-08-03T22:57:05.419+0000] {dagbag.py:545} INFO - Filling up the DagBag from /usr/local/airflow/dags/etl.py
[2024-08-03T22:57:05.432+0000] {processor.py:840} INFO - DAG(s) 'etl_dag' retrieved from /usr/local/airflow/dags/etl.py
[2024-08-03T22:57:05.458+0000] {logging_mixin.py:188} INFO - [2024-08-03T22:57:05.458+0000] {dag.py:3089} INFO - Sync 1 DAGs
[2024-08-03T22:57:05.481+0000] {logging_mixin.py:188} INFO - [2024-08-03T22:57:05.481+0000] {dag.py:3947} INFO - Setting next_dagrun for etl_dag to 2024-08-03 12:00:00+00:00, run_after=2024-08-04 00:00:00+00:00
[2024-08-03T22:57:05.499+0000] {processor.py:183} INFO - Processing /usr/local/airflow/dags/etl.py took 0.087 seconds
[2024-08-03T22:57:35.761+0000] {processor.py:161} INFO - Started process (PID=825) to work on /usr/local/airflow/dags/etl.py
[2024-08-03T22:57:35.762+0000] {processor.py:830} INFO - Processing file /usr/local/airflow/dags/etl.py for tasks to queue
[2024-08-03T22:57:35.764+0000] {logging_mixin.py:188} INFO - [2024-08-03T22:57:35.764+0000] {dagbag.py:545} INFO - Filling up the DagBag from /usr/local/airflow/dags/etl.py
[2024-08-03T22:57:35.777+0000] {processor.py:840} INFO - DAG(s) 'etl_dag' retrieved from /usr/local/airflow/dags/etl.py
[2024-08-03T22:57:35.808+0000] {logging_mixin.py:188} INFO - [2024-08-03T22:57:35.808+0000] {dag.py:3089} INFO - Sync 1 DAGs
[2024-08-03T22:57:35.831+0000] {logging_mixin.py:188} INFO - [2024-08-03T22:57:35.830+0000] {dag.py:3947} INFO - Setting next_dagrun for etl_dag to 2024-08-03 12:00:00+00:00, run_after=2024-08-04 00:00:00+00:00
[2024-08-03T22:57:35.854+0000] {processor.py:183} INFO - Processing /usr/local/airflow/dags/etl.py took 0.098 seconds
[2024-08-03T22:58:06.003+0000] {processor.py:161} INFO - Started process (PID=835) to work on /usr/local/airflow/dags/etl.py
[2024-08-03T22:58:06.004+0000] {processor.py:830} INFO - Processing file /usr/local/airflow/dags/etl.py for tasks to queue
[2024-08-03T22:58:06.006+0000] {logging_mixin.py:188} INFO - [2024-08-03T22:58:06.006+0000] {dagbag.py:545} INFO - Filling up the DagBag from /usr/local/airflow/dags/etl.py
[2024-08-03T22:58:06.019+0000] {processor.py:840} INFO - DAG(s) 'etl_dag' retrieved from /usr/local/airflow/dags/etl.py
[2024-08-03T22:58:06.045+0000] {logging_mixin.py:188} INFO - [2024-08-03T22:58:06.045+0000] {dag.py:3089} INFO - Sync 1 DAGs
[2024-08-03T22:58:06.064+0000] {logging_mixin.py:188} INFO - [2024-08-03T22:58:06.064+0000] {dag.py:3947} INFO - Setting next_dagrun for etl_dag to 2024-08-03 12:00:00+00:00, run_after=2024-08-04 00:00:00+00:00
[2024-08-03T22:58:06.085+0000] {processor.py:183} INFO - Processing /usr/local/airflow/dags/etl.py took 0.086 seconds
[2024-08-03T22:58:36.364+0000] {processor.py:161} INFO - Started process (PID=845) to work on /usr/local/airflow/dags/etl.py
[2024-08-03T22:58:36.365+0000] {processor.py:830} INFO - Processing file /usr/local/airflow/dags/etl.py for tasks to queue
[2024-08-03T22:58:36.367+0000] {logging_mixin.py:188} INFO - [2024-08-03T22:58:36.367+0000] {dagbag.py:545} INFO - Filling up the DagBag from /usr/local/airflow/dags/etl.py
[2024-08-03T22:58:36.379+0000] {processor.py:840} INFO - DAG(s) 'etl_dag' retrieved from /usr/local/airflow/dags/etl.py
[2024-08-03T22:58:36.400+0000] {logging_mixin.py:188} INFO - [2024-08-03T22:58:36.400+0000] {dag.py:3089} INFO - Sync 1 DAGs
[2024-08-03T22:58:36.419+0000] {logging_mixin.py:188} INFO - [2024-08-03T22:58:36.418+0000] {dag.py:3947} INFO - Setting next_dagrun for etl_dag to 2024-08-03 12:00:00+00:00, run_after=2024-08-04 00:00:00+00:00
[2024-08-03T22:58:36.440+0000] {processor.py:183} INFO - Processing /usr/local/airflow/dags/etl.py took 0.081 seconds
[2024-08-03T22:59:06.716+0000] {processor.py:161} INFO - Started process (PID=855) to work on /usr/local/airflow/dags/etl.py
[2024-08-03T22:59:06.717+0000] {processor.py:830} INFO - Processing file /usr/local/airflow/dags/etl.py for tasks to queue
[2024-08-03T22:59:06.719+0000] {logging_mixin.py:188} INFO - [2024-08-03T22:59:06.719+0000] {dagbag.py:545} INFO - Filling up the DagBag from /usr/local/airflow/dags/etl.py
[2024-08-03T22:59:06.742+0000] {processor.py:840} INFO - DAG(s) 'etl_dag' retrieved from /usr/local/airflow/dags/etl.py
[2024-08-03T22:59:06.800+0000] {logging_mixin.py:188} INFO - [2024-08-03T22:59:06.799+0000] {dag.py:3089} INFO - Sync 1 DAGs
[2024-08-03T22:59:06.846+0000] {logging_mixin.py:188} INFO - [2024-08-03T22:59:06.846+0000] {dag.py:3947} INFO - Setting next_dagrun for etl_dag to 2024-08-03 12:00:00+00:00, run_after=2024-08-04 00:00:00+00:00
[2024-08-03T22:59:06.877+0000] {processor.py:183} INFO - Processing /usr/local/airflow/dags/etl.py took 0.169 seconds
[2024-08-03T22:59:37.184+0000] {processor.py:161} INFO - Started process (PID=865) to work on /usr/local/airflow/dags/etl.py
[2024-08-03T22:59:37.185+0000] {processor.py:830} INFO - Processing file /usr/local/airflow/dags/etl.py for tasks to queue
[2024-08-03T22:59:37.188+0000] {logging_mixin.py:188} INFO - [2024-08-03T22:59:37.187+0000] {dagbag.py:545} INFO - Filling up the DagBag from /usr/local/airflow/dags/etl.py
[2024-08-03T22:59:37.205+0000] {processor.py:840} INFO - DAG(s) 'etl_dag' retrieved from /usr/local/airflow/dags/etl.py
[2024-08-03T22:59:37.241+0000] {logging_mixin.py:188} INFO - [2024-08-03T22:59:37.241+0000] {dag.py:3089} INFO - Sync 1 DAGs
[2024-08-03T22:59:37.274+0000] {logging_mixin.py:188} INFO - [2024-08-03T22:59:37.274+0000] {dag.py:3947} INFO - Setting next_dagrun for etl_dag to 2024-08-03 12:00:00+00:00, run_after=2024-08-04 00:00:00+00:00
[2024-08-03T22:59:37.314+0000] {processor.py:183} INFO - Processing /usr/local/airflow/dags/etl.py took 0.137 seconds
